[2018-02-05 10:34:42] slim-app.INFO: Slim-Skeleton '/' route [] {"uid":"72bcedc"}
[2018-02-05 10:34:43] slim-app.INFO: Slim-Skeleton '/' route [] {"uid":"69ce4d6"}
[2018-02-05 10:49:28] slim-app.INFO: Slim-Skeleton '/' route [] {"uid":"3bab307"}
[2018-02-05 10:49:30] slim-app.INFO: Slim-Skeleton '/' route [] {"uid":"6574c53"}
[2018-02-05 10:49:37] slim-app.INFO: Slim-Skeleton '/login' route [] {"uid":"44709e5"}
[2018-02-05 10:50:09] slim-app.INFO: Slim-Skeleton '/' route [] {"uid":"bd71e5d"}
[2018-02-05 10:50:10] slim-app.INFO: Slim-Skeleton '/' route [] {"uid":"c3d3054"}
[2018-02-05 10:50:23] slim-app.INFO: Slim-Skeleton '/login' route [] {"uid":"c622616"}
[2018-02-05 10:50:26] slim-app.INFO: Slim-Skeleton '/' route [] {"uid":"db51e58"}
[2018-02-05 10:50:36] slim-app.INFO: Slim-Skeleton '/login' route [] {"uid":"fa48d39"}
[2018-02-05 10:55:31] slim-app.INFO: Slim-Skeleton '/' route [] {"uid":"3a63f23"}
[2018-02-05 10:55:32] slim-app.INFO: Slim-Skeleton '/' route [] {"uid":"783d52f"}
[2018-02-05 10:55:33] slim-app.INFO: Slim-Skeleton '/' route [] {"uid":"c6eb784"}
[2018-02-05 10:55:48] slim-app.INFO: Slim-Skeleton '/login' route [] {"uid":"5c9b54b"}
[2018-02-05 10:55:52] slim-app.INFO: Slim-Skeleton '/' route [] {"uid":"6ce4d17"}
[2018-02-05 10:55:52] slim-app.INFO: Slim-Skeleton '/' route [] {"uid":"16ecfb1"}
[2018-02-05 10:56:04] slim-app.INFO: Slim-Skeleton '/login' route [] {"uid":"fd446d1"}
[2018-02-05 14:55:43] slim-app.INFO: Slim-Skeleton '/' route [] {"uid":"0100d7c"}
[2018-02-05 14:55:44] slim-app.INFO: Slim-Skeleton '/' route [] {"uid":"fa9d990"}
[2018-02-05 15:00:01] slim-app.INFO: Slim-Skeleton '/' route [] {"uid":"3f0716e"}
[2018-02-05 15:03:00] slim-app.INFO: Slim-Skeleton '/' route [] {"uid":"1eeb536"}
[2018-02-05 15:03:23] slim-app.INFO: Slim-Skeleton '/' route [] {"uid":"23f98fb"}
[2018-02-05 15:04:04] slim-app.INFO: Slim-Skeleton '/' route [] {"uid":"932f376"}
[2018-02-05 15:07:42] slim-app.INFO: Slim-Skeleton '/' route [] {"uid":"fb672c3"}
[2018-02-05 15:08:28] slim-app.INFO: Slim-Skeleton '/' route [] {"uid":"e512b03"}
[2018-02-05 15:09:12] slim-app.INFO: Slim-Skeleton '/' route [] {"uid":"40a93b5"}
[2018-02-05 15:12:19] slim-app.INFO: Slim-Skeleton '/' route [] {"uid":"1f3f73e"}
[2018-02-05 15:12:50] slim-app.INFO: Slim-Skeleton '/' route [] {"uid":"6c1321a"}
[2018-02-05 15:14:27] slim-app.INFO: Slim-Skeleton '/' route [] {"uid":"72d87c0"}
[2018-02-05 15:27:12] slim-app.INFO: Slim-Skeleton '/' route [] {"uid":"32b7ffd"}
[2018-02-05 15:27:49] slim-app.INFO: Slim-Skeleton '/' route [] {"uid":"97b41f4"}
[2018-02-05 15:27:50] slim-app.INFO: Slim-Skeleton '/' route [] {"uid":"eee9f67"}
[2018-02-05 15:27:55] slim-app.INFO: Slim-Skeleton '/' route [] {"uid":"3ed7ca4"}
[2018-02-05 15:28:25] slim-app.INFO: Slim-Skeleton '/' route [] {"uid":"aa4b282"}
[2018-02-05 15:34:24] slim-app.INFO: Slim-Skeleton '/' route [] {"uid":"16875ea"}
[2018-02-06 13:53:43] slim-app.INFO: Slim-Skeleton '/' route [] {"uid":"bbb1230"}
[2018-02-06 13:58:31] slim-app.INFO: Slim-Skeleton '/' route [] {"uid":"6bce0f5"}
[2018-02-06 13:58:33] slim-app.INFO: Slim-Skeleton '/' route [] {"uid":"73bfc53"}
[2018-02-06 13:58:38] slim-app.INFO: Slim-Skeleton '/' route [] {"uid":"f4d379f"}
[2018-02-06 13:58:39] slim-app.INFO: Slim-Skeleton '/' route [] {"uid":"6e1cdac"}
[2018-02-06 13:58:40] slim-app.INFO: Slim-Skeleton '/' route [] {"uid":"a30b47c"}
[2018-02-06 14:01:01] slim-app.INFO: Slim-Skeleton '/' route [] {"uid":"9f2f1eb"}
[2018-02-06 14:01:02] slim-app.INFO: Slim-Skeleton '/' route [] {"uid":"a33c01f"}
[2018-02-06 14:01:04] slim-app.INFO: Slim-Skeleton '/' route [] {"uid":"14796c4"}
[2018-02-06 14:02:38] slim-app.INFO: Slim-Skeleton '/' route [] {"uid":"2035603"}
[2018-02-06 14:02:40] slim-app.INFO: Slim-Skeleton '/' route [] {"uid":"8f92cbb"}
[2018-02-06 14:02:41] slim-app.INFO: Slim-Skeleton '/' route [] {"uid":"41e765b"}
[2018-02-06 14:02:44] slim-app.INFO: Slim-Skeleton '/' route [] {"uid":"563bae8"}
[2018-02-06 14:02:57] slim-app.INFO: Slim-Skeleton '/' route [] {"uid":"a4f6869"}
[2018-02-06 14:03:29] slim-app.INFO: Slim-Skeleton '/' route [] {"uid":"73b5cd0"}
[2018-02-06 14:03:43] slim-app.INFO: Slim-Skeleton '/' route [] {"uid":"d74d0cf"}
[2018-02-06 14:05:31] slim-app.INFO: Slim-Skeleton '/' route [] {"uid":"55154a7"}
[2018-02-06 14:06:37] slim-app.INFO: Slim-Skeleton '/' route [] {"uid":"df97487"}
[2018-02-06 14:07:14] slim-app.INFO: Slim-Skeleton '/' route [] {"uid":"92f0560"}
[2018-02-06 14:07:17] slim-app.INFO: Slim-Skeleton '/' route [] {"uid":"ac9797f"}
[2018-02-06 14:09:04] slim-app.INFO: Slim-Skeleton '/' route [] {"uid":"13bc106"}
[2018-02-06 14:11:18] slim-app.INFO: Slim-Skeleton '/' route [] {"uid":"33428ec"}
[2018-02-06 14:11:20] slim-app.INFO: Slim-Skeleton '/' route [] {"uid":"f97f947"}
[2018-02-06 14:12:05] slim-app.INFO: Slim-Skeleton '/' route [] {"uid":"9c0e0ba"}
[2018-02-06 14:12:06] slim-app.INFO: Slim-Skeleton '/' route [] {"uid":"61ff65d"}
[2018-02-06 14:12:07] slim-app.INFO: Slim-Skeleton '/' route [] {"uid":"1f86671"}
[2018-02-06 14:12:08] slim-app.INFO: Slim-Skeleton '/' route [] {"uid":"2c51592"}
[2018-02-06 14:12:27] slim-app.INFO: Slim-Skeleton '/' route [] {"uid":"ac19d99"}
[2018-02-06 14:13:54] slim-app.INFO: Slim-Skeleton '/' route [] {"uid":"53b838b"}
[2018-02-06 14:13:58] slim-app.INFO: Slim-Skeleton '/' route [] {"uid":"613aae2"}
[2018-02-06 14:20:05] slim-app.INFO: Slim-Skeleton '/' route [] {"uid":"5fe57d0"}
[2018-02-06 14:20:06] slim-app.INFO: Slim-Skeleton '/' route [] {"uid":"974bd7d"}
[2018-02-06 14:20:07] slim-app.INFO: Slim-Skeleton '/' route [] {"uid":"f32f837"}
[2018-02-06 14:20:08] slim-app.INFO: Slim-Skeleton '/' route [] {"uid":"8c9247e"}
[2018-02-06 14:21:15] slim-app.INFO: Slim-Skeleton '/' route [] {"uid":"a0c5e77"}
[2018-02-06 14:21:16] slim-app.INFO: Slim-Skeleton '/' route [] {"uid":"255f061"}
[2018-02-06 14:21:17] slim-app.INFO: Slim-Skeleton '/' route [] {"uid":"f4de9af"}
[2018-02-06 14:21:31] slim-app.INFO: Slim-Skeleton '/' route [] {"uid":"68e47d5"}
[2018-02-06 14:22:54] slim-app.INFO: Slim-Skeleton '/' route [] {"uid":"0204764"}
[2018-02-06 14:22:55] slim-app.INFO: Slim-Skeleton '/' route [] {"uid":"8f9fb34"}
[2018-02-06 14:23:00] slim-app.INFO: Slim-Skeleton '/' route [] {"uid":"a0e36ee"}
[2018-02-06 14:28:24] slim-app.INFO: Slim-Skeleton '/' route [] {"uid":"1125c56"}
[2018-02-06 14:28:25] slim-app.INFO: Slim-Skeleton '/' route [] {"uid":"4795f6c"}
[2018-02-06 14:29:25] slim-app.INFO: Slim-Skeleton '/' route [] {"uid":"1d43eae"}
[2018-02-06 14:29:26] slim-app.INFO: Slim-Skeleton '/' route [] {"uid":"2462c05"}
[2018-02-06 14:29:28] slim-app.INFO: Slim-Skeleton '/' route [] {"uid":"be3d693"}
[2018-02-06 14:30:46] slim-app.INFO: Slim-Skeleton '/' route [] {"uid":"089876e"}
[2018-02-06 14:30:48] slim-app.INFO: Slim-Skeleton '/' route [] {"uid":"49a13e1"}
[2018-02-06 14:30:53] slim-app.INFO: Slim-Skeleton '/' route [] {"uid":"1801c3d"}
[2018-02-06 14:36:07] slim-app.INFO: Slim-Skeleton '/' route [] {"uid":"95786d0"}
[2018-02-06 14:36:08] slim-app.INFO: Slim-Skeleton '/' route [] {"uid":"5bfb199"}
[2018-02-06 14:36:12] slim-app.INFO: Slim-Skeleton '/' route [] {"uid":"3038a21"}
[2018-02-06 14:38:10] slim-app.INFO: Slim-Skeleton '/' route [] {"uid":"80e3114"}
[2018-02-06 14:39:29] slim-app.INFO: Slim-Skeleton '/' route [] {"uid":"e7ab011"}
[2018-02-06 14:40:37] slim-app.INFO: Slim-Skeleton '/' route [] {"uid":"838e021"}
[2018-02-06 14:40:38] slim-app.INFO: Slim-Skeleton '/' route [] {"uid":"06f5342"}
[2018-02-06 14:40:39] slim-app.INFO: Slim-Skeleton '/' route [] {"uid":"34a751e"}
[2018-02-06 14:40:39] slim-app.INFO: Slim-Skeleton '/' route [] {"uid":"86b9c88"}
[2018-02-06 14:40:50] slim-app.INFO: Slim-Skeleton '/' route [] {"uid":"74d803b"}
[2018-02-06 14:40:53] slim-app.INFO: Slim-Skeleton '/' route [] {"uid":"9b677b6"}
[2018-02-06 14:42:29] slim-app.INFO: Slim-Skeleton '/' route [] {"uid":"a683dd1"}
[2018-02-06 14:43:55] slim-app.INFO: Slim-Skeleton '/' route [] {"uid":"8962640"}
[2018-02-06 14:44:30] slim-app.INFO: Slim-Skeleton '/' route [] {"uid":"afb962d"}
[2018-02-06 14:44:36] slim-app.INFO: Slim-Skeleton '/' route [] {"uid":"da5369c"}
[2018-02-06 14:45:30] slim-app.INFO: Slim-Skeleton '/' route [] {"uid":"fdc6e5c"}
[2018-02-06 14:45:30] slim-app.INFO: Slim-Skeleton '/' route [] {"uid":"ed2631e"}
[2018-02-06 14:45:31] slim-app.INFO: Slim-Skeleton '/' route [] {"uid":"e03d84d"}
[2018-02-06 14:45:31] slim-app.INFO: Slim-Skeleton '/' route [] {"uid":"3b9fa6e"}
[2018-02-06 14:46:41] slim-app.INFO: Slim-Skeleton '/' route [] {"uid":"f0282ff"}
[2018-02-06 14:46:42] slim-app.INFO: Slim-Skeleton '/' route [] {"uid":"c74b044"}
[2018-02-06 14:47:28] slim-app.INFO: Slim-Skeleton '/' route [] {"uid":"58eaabe"}
[2018-02-06 14:47:29] slim-app.INFO: Slim-Skeleton '/' route [] {"uid":"fa641de"}
[2018-02-06 14:48:11] slim-app.INFO: Slim-Skeleton '/' route [] {"uid":"69adcea"}
[2018-02-06 14:48:12] slim-app.INFO: Slim-Skeleton '/' route [] {"uid":"2779b30"}
[2018-02-06 14:48:13] slim-app.INFO: Slim-Skeleton '/' route [] {"uid":"c1cb381"}
[2018-02-06 14:48:13] slim-app.INFO: Slim-Skeleton '/' route [] {"uid":"c90174a"}
[2018-02-06 14:48:13] slim-app.INFO: Slim-Skeleton '/' route [] {"uid":"69f3fc6"}
[2018-02-06 14:48:41] slim-app.INFO: Slim-Skeleton '/' route [] {"uid":"eea90c9"}
[2018-02-06 14:48:42] slim-app.INFO: Slim-Skeleton '/' route [] {"uid":"fd12513"}
[2018-02-06 14:48:43] slim-app.INFO: Slim-Skeleton '/' route [] {"uid":"212c4cb"}
[2018-02-06 14:49:01] slim-app.INFO: Slim-Skeleton '/' route [] {"uid":"8e0cf5b"}
[2018-02-06 14:49:01] slim-app.INFO: Slim-Skeleton '/' route [] {"uid":"6e764ba"}
[2018-02-06 14:49:02] slim-app.INFO: Slim-Skeleton '/' route [] {"uid":"be2caee"}
[2018-02-06 14:50:02] slim-app.INFO: Slim-Skeleton '/' route [] {"uid":"992e82c"}
[2018-02-06 14:50:04] slim-app.INFO: Slim-Skeleton '/' route [] {"uid":"a46a3aa"}
[2018-02-06 14:50:05] slim-app.INFO: Slim-Skeleton '/' route [] {"uid":"9b7bbbe"}
[2018-02-06 14:50:35] slim-app.INFO: Slim-Skeleton '/' route [] {"uid":"d010586"}
[2018-02-06 14:50:37] slim-app.INFO: Slim-Skeleton '/' route [] {"uid":"404e0dc"}
[2018-02-06 14:50:37] slim-app.INFO: Slim-Skeleton '/' route [] {"uid":"2606ce1"}
[2018-02-06 14:50:38] slim-app.INFO: Slim-Skeleton '/' route [] {"uid":"ff8657c"}
[2018-02-06 14:50:39] slim-app.INFO: Slim-Skeleton '/' route [] {"uid":"6e6126b"}
[2018-02-06 14:50:55] slim-app.INFO: Slim-Skeleton '/' route [] {"uid":"ce00ada"}
[2018-02-06 14:51:00] slim-app.INFO: Slim-Skeleton '/' route [] {"uid":"e34abef"}
[2018-02-06 14:51:55] slim-app.INFO: Slim-Skeleton '/' route [] {"uid":"e46194c"}
[2018-02-06 14:51:57] slim-app.INFO: Slim-Skeleton '/' route [] {"uid":"a55bebc"}
[2018-02-06 14:51:59] slim-app.INFO: Slim-Skeleton '/' route [] {"uid":"648828b"}
[2018-02-06 15:07:34] slim-app.INFO: Slim-Skeleton '/' route [] {"uid":"a62bd4e"}
[2018-02-06 15:07:40] slim-app.INFO: Slim-Skeleton '/' route [] {"uid":"435e15c"}
[2018-02-06 15:08:13] slim-app.INFO: Slim-Skeleton '/' route [] {"uid":"1766c7d"}
[2018-02-06 15:08:13] slim-app.INFO: Slim-Skeleton '/' route [] {"uid":"ed0685f"}
[2018-02-06 15:08:14] slim-app.INFO: Slim-Skeleton '/' route [] {"uid":"ba8068d"}
[2018-02-06 15:09:50] slim-app.INFO: Slim-Skeleton '/' route [] {"uid":"fe432dd"}
[2018-02-06 15:09:51] slim-app.INFO: Slim-Skeleton '/' route [] {"uid":"8a50319"}
[2018-02-06 15:09:51] slim-app.INFO: Slim-Skeleton '/' route [] {"uid":"5db51b1"}
[2018-02-06 15:12:20] slim-app.INFO: Slim-Skeleton '/' route [] {"uid":"6eccf63"}
[2018-02-06 15:12:21] slim-app.INFO: Slim-Skeleton '/' route [] {"uid":"76c342b"}
[2018-02-06 15:12:22] slim-app.INFO: Slim-Skeleton '/' route [] {"uid":"d9d4079"}
[2018-02-06 15:13:12] slim-app.INFO: Slim-Skeleton '/' route [] {"uid":"8dd4398"}
[2018-02-06 15:13:13] slim-app.INFO: Slim-Skeleton '/' route [] {"uid":"5f1e8f2"}
[2018-02-06 15:14:32] slim-app.INFO: Slim-Skeleton '/' route [] {"uid":"c2b4799"}
[2018-02-06 15:14:32] slim-app.INFO: Slim-Skeleton '/' route [] {"uid":"7f04095"}
[2018-02-06 15:14:32] slim-app.INFO: Slim-Skeleton '/' route [] {"uid":"17595e1"}
[2018-02-06 15:14:33] slim-app.INFO: Slim-Skeleton '/' route [] {"uid":"023b12e"}
[2018-02-06 15:14:33] slim-app.INFO: Slim-Skeleton '/' route [] {"uid":"18258ad"}
[2018-02-06 15:14:33] slim-app.INFO: Slim-Skeleton '/' route [] {"uid":"a36b8f6"}
[2018-02-06 15:14:33] slim-app.INFO: Slim-Skeleton '/' route [] {"uid":"d783f59"}
[2018-02-06 15:14:33] slim-app.INFO: Slim-Skeleton '/' route [] {"uid":"1bcc687"}
[2018-02-06 15:14:35] slim-app.INFO: Slim-Skeleton '/' route [] {"uid":"0667c7f"}
[2018-02-06 15:14:37] slim-app.INFO: Slim-Skeleton '/' route [] {"uid":"25fb256"}
[2018-02-06 15:14:53] slim-app.INFO: Slim-Skeleton '/' route [] {"uid":"7313cd5"}
[2018-02-06 15:15:54] slim-app.INFO: Slim-Skeleton '/' route [] {"uid":"7a2dc0d"}
[2018-02-06 15:15:55] slim-app.INFO: Slim-Skeleton '/' route [] {"uid":"a0ee6eb"}
[2018-02-06 15:15:56] slim-app.INFO: Slim-Skeleton '/' route [] {"uid":"34b2c9e"}
[2018-02-06 15:16:10] slim-app.INFO: Slim-Skeleton '/' route [] {"uid":"e0b0a5f"}
[2018-02-06 15:16:53] slim-app.INFO: Slim-Skeleton '/' route [] {"uid":"eb5ea5b"}
[2018-02-06 15:16:56] slim-app.INFO: Slim-Skeleton '/' route [] {"uid":"921f04b"}
[2018-02-06 15:24:01] slim-app.INFO: Slim-Skeleton '/' route [] {"uid":"cb4d556"}
[2018-02-06 15:24:03] slim-app.INFO: Slim-Skeleton '/' route [] {"uid":"7e66363"}
[2018-02-06 15:33:14] slim-app.INFO: Slim-Skeleton '/' route [] {"uid":"ac54b22"}
[2018-02-06 15:36:02] slim-app.INFO: Slim-Skeleton '/' route [] {"uid":"95b6189"}
[2018-02-06 15:36:05] slim-app.INFO: Slim-Skeleton '/' route [] {"uid":"d267c4e"}
[2018-02-06 15:36:06] slim-app.INFO: Slim-Skeleton '/' route [] {"uid":"a4b5472"}
[2018-02-06 15:36:09] slim-app.INFO: Slim-Skeleton '/' route [] {"uid":"84466c0"}
[2018-02-06 15:36:11] slim-app.INFO: Slim-Skeleton '/' route [] {"uid":"a095ced"}
[2018-02-06 15:36:35] slim-app.INFO: Slim-Skeleton '/' route [] {"uid":"6383bc7"}
[2018-02-06 15:36:35] slim-app.INFO: Slim-Skeleton '/' route [] {"uid":"9fe3ed1"}
[2018-02-06 15:36:44] slim-app.INFO: Slim-Skeleton '/' route [] {"uid":"c7edd9a"}
[2018-02-06 15:37:05] slim-app.INFO: Slim-Skeleton '/' route [] {"uid":"64916c9"}
[2018-02-06 15:37:06] slim-app.INFO: Slim-Skeleton '/' route [] {"uid":"20222f0"}
[2018-02-06 15:37:12] slim-app.INFO: Slim-Skeleton '/' route [] {"uid":"8e8a1fc"}
[2018-02-06 15:49:01] slim-app.INFO: Slim-Skeleton '/' route [] {"uid":"c93cb2d"}
[2018-02-06 15:49:02] slim-app.INFO: Slim-Skeleton '/' route [] {"uid":"dc3c6cd"}
[2018-02-06 15:49:11] slim-app.INFO: Slim-Skeleton '/login' route [] {"uid":"0bb7111"}
[2018-02-06 15:49:58] slim-app.INFO: Slim-Skeleton '/' route [] {"uid":"4252e41"}
[2018-02-06 15:49:59] slim-app.INFO: Slim-Skeleton '/' route [] {"uid":"1d81a69"}
[2018-02-06 15:50:08] slim-app.INFO: Slim-Skeleton '/login' route [] {"uid":"c7a7411"}
[2018-02-06 15:50:10] slim-app.INFO: Slim-Skeleton '/' route [] {"uid":"6618aff"}
[2018-02-06 15:50:20] slim-app.INFO: Slim-Skeleton '/login' route [] {"uid":"da7d91c"}
[2018-02-06 15:51:42] slim-app.INFO: Slim-Skeleton '/' route [] {"uid":"4d0ccca"}
[2018-02-06 15:51:45] slim-app.INFO: Slim-Skeleton '/' route [] {"uid":"f26d73a"}
[2018-02-06 15:51:46] slim-app.INFO: Slim-Skeleton '/' route [] {"uid":"69d1888"}
[2018-02-06 15:52:00] slim-app.INFO: Slim-Skeleton '/login' route [] {"uid":"7a9ef74"}
[2018-02-06 15:52:05] slim-app.INFO: Slim-Skeleton '/' route [] {"uid":"adc7025"}
[2018-02-06 15:53:25] slim-app.INFO: Slim-Skeleton '/' route [] {"uid":"ee548db"}
[2018-02-06 15:53:26] slim-app.INFO: Slim-Skeleton '/' route [] {"uid":"7d5f7ef"}
[2018-02-06 15:53:37] slim-app.INFO: Slim-Skeleton '/login' route [] {"uid":"92c896b"}
[2018-02-06 15:55:28] slim-app.INFO: Slim-Skeleton '/' route [] {"uid":"318706c"}
[2018-02-06 15:55:29] slim-app.INFO: Slim-Skeleton '/' route [] {"uid":"046aff1"}
[2018-02-06 15:55:30] slim-app.INFO: Slim-Skeleton '/' route [] {"uid":"24d5885"}
[2018-02-06 15:55:31] slim-app.INFO: Slim-Skeleton '/' route [] {"uid":"44c0af9"}
[2018-02-06 15:55:44] slim-app.INFO: Slim-Skeleton '/login' route [] {"uid":"e43b6f0"}
[2018-02-06 15:55:54] slim-app.INFO: Slim-Skeleton '/' route [] {"uid":"591e761"}
[2018-02-06 15:55:55] slim-app.INFO: Slim-Skeleton '/' route [] {"uid":"0a8c511"}
[2018-02-06 15:56:08] slim-app.INFO: Slim-Skeleton '/login' route [] {"uid":"dda6256"}
[2018-02-06 15:56:12] slim-app.INFO: Slim-Skeleton '/' route [] {"uid":"ef6acc7"}
[2018-02-06 16:21:02] slim-app.INFO: Slim-Skeleton '/' route [] {"uid":"f200464"}
[2018-02-06 16:21:03] slim-app.INFO: Slim-Skeleton '/' route [] {"uid":"cabad67"}
[2018-02-06 16:21:05] slim-app.INFO: Slim-Skeleton '/inscription' route [] {"uid":"1dca16a"}
[2018-02-06 16:21:07] slim-app.INFO: Slim-Skeleton '/inscription' route [] {"uid":"8e0fecd"}
[2018-02-06 16:21:41] slim-app.INFO: Slim-Skeleton '/inscription' route [] {"uid":"83b04bc"}
[2018-02-06 16:30:18] slim-app.INFO: Slim-Skeleton '/' route [] {"uid":"f25db10"}
[2018-02-06 16:30:22] slim-app.INFO: Slim-Skeleton '/' route [] {"uid":"ce8c0d1"}
[2018-02-06 16:30:55] slim-app.INFO: Slim-Skeleton '/' route [] {"uid":"ce94f88"}
[2018-02-06 16:32:03] slim-app.INFO: Slim-Skeleton '/' route [] {"uid":"2ceac3c"}
[2018-02-06 16:32:06] slim-app.INFO: Slim-Skeleton '/inscription' route [] {"uid":"322aa4d"}
[2018-02-06 16:32:24] slim-app.INFO: Slim-Skeleton '/inscription' route [] {"uid":"ecba7ab"}
[2018-02-06 19:25:01] slim-app.INFO: Slim-Skeleton '/' route [] {"uid":"0fe30a1"}
[2018-02-06 19:25:03] slim-app.INFO: Slim-Skeleton '/' route [] {"uid":"e7c6ddf"}
[2018-02-06 19:25:19] slim-app.INFO: Slim-Skeleton '/login' route [] {"uid":"d0aa981"}
[2018-02-06 19:25:21] slim-app.INFO: Slim-Skeleton '/' route [] {"uid":"ee2fc2d"}
[2018-02-06 19:25:23] slim-app.INFO: Slim-Skeleton '/' route [] {"uid":"db920da"}
[2018-02-06 19:25:24] slim-app.INFO: Slim-Skeleton '/inscription' route [] {"uid":"6d75158"}
[2018-02-06 19:25:27] slim-app.INFO: Slim-Skeleton '/inscription' route [] {"uid":"f4f6aa5"}
[2018-02-06 19:25:30] slim-app.INFO: Slim-Skeleton '/inscription' route [] {"uid":"587bd73"}
[2018-02-06 19:25:32] slim-app.INFO: Slim-Skeleton '/inscription' route [] {"uid":"cb745cf"}
[2018-02-06 19:25:34] slim-app.INFO: Slim-Skeleton '/inscription' route [] {"uid":"9a629d8"}
[2018-02-06 19:28:25] slim-app.INFO: Slim-Skeleton '/' route [] {"uid":"07c54c1"}
[2018-02-06 19:28:26] slim-app.INFO: Slim-Skeleton '/' route [] {"uid":"8908160"}
[2018-02-06 19:28:29] slim-app.INFO: Slim-Skeleton '/inscription' route [] {"uid":"a961f29"}
[2018-02-06 19:36:07] slim-app.INFO: Slim-Skeleton '/' route [] {"uid":"cdcd7a3"}
[2018-02-06 19:36:09] slim-app.INFO: Slim-Skeleton '/' route [] {"uid":"f496aa4"}
[2018-02-06 19:36:11] slim-app.INFO: Slim-Skeleton '/inscription' route [] {"uid":"079f467"}
[2018-02-06 19:38:04] slim-app.INFO: Slim-Skeleton '/' route [] {"uid":"2107067"}
[2018-02-06 19:38:06] slim-app.INFO: Slim-Skeleton '/' route [] {"uid":"301b037"}
[2018-02-06 19:38:08] slim-app.INFO: Slim-Skeleton '/inscription' route [] {"uid":"425e046"}
[2018-02-06 19:53:48] slim-app.INFO: Slim-Skeleton '/' route [] {"uid":"3138373"}
[2018-02-06 19:53:50] slim-app.INFO: Slim-Skeleton '/' route [] {"uid":"859ea29"}
[2018-02-06 19:53:51] slim-app.INFO: Slim-Skeleton '/' route [] {"uid":"37749e5"}
[2018-02-06 19:53:55] slim-app.INFO: Slim-Skeleton '/inscription' route [] {"uid":"db72d9a"}
[2018-02-06 19:54:17] slim-app.INFO: Slim-Skeleton '/' route [] {"uid":"19c169d"}
[2018-02-06 19:54:20] slim-app.INFO: Slim-Skeleton '/inscription' route [] {"uid":"5ee4219"}
[2018-02-06 19:54:45] slim-app.INFO: Slim-Skeleton '/inscription' route [] {"uid":"eee041f"}
[2018-02-06 19:56:08] slim-app.INFO: Slim-Skeleton '/' route [] {"uid":"6c468a4"}
[2018-02-06 19:56:10] slim-app.INFO: Slim-Skeleton '/inscription' route [] {"uid":"cc08d6b"}
[2018-02-06 19:57:05] slim-app.INFO: Slim-Skeleton '/' route [] {"uid":"9e30cb6"}
[2018-02-06 19:59:30] slim-app.INFO: Slim-Skeleton '/' route [] {"uid":"d9e5e4a"}
[2018-02-06 19:59:31] slim-app.INFO: Slim-Skeleton '/' route [] {"uid":"ed4003f"}
[2018-02-06 19:59:33] slim-app.INFO: Slim-Skeleton '/inscription' route [] {"uid":"449506a"}
[2018-02-06 20:02:01] slim-app.INFO: Slim-Skeleton '/' route [] {"uid":"74abb51"}
[2018-02-06 20:02:04] slim-app.INFO: Slim-Skeleton '/inscription' route [] {"uid":"efed9b3"}
[2018-02-06 20:02:08] slim-app.INFO: Slim-Skeleton '/inscription' route [] {"uid":"65c7ae9"}
[2018-02-06 20:02:10] slim-app.INFO: Slim-Skeleton '/inscription' route [] {"uid":"d0638d5"}
[2018-02-06 20:04:45] slim-app.INFO: Slim-Skeleton '/' route [] {"uid":"8d9084e"}
[2018-02-06 20:04:47] slim-app.INFO: Slim-Skeleton '/inscription' route [] {"uid":"d81cdd3"}
[2018-02-06 20:04:59] slim-app.INFO: Slim-Skeleton '/inscription' route [] {"uid":"0cb2e52"}
[2018-02-06 20:05:10] slim-app.INFO: Slim-Skeleton '/inscription' route [] {"uid":"a6e88a9"}
[2018-02-06 20:05:12] slim-app.INFO: Slim-Skeleton '/inscription' route [] {"uid":"bc74fb2"}
[2018-02-06 20:05:13] slim-app.INFO: Slim-Skeleton '/inscription' route [] {"uid":"ee4d648"}
[2018-02-06 20:07:24] slim-app.INFO: Slim-Skeleton '/' route [] {"uid":"34c312e"}
[2018-02-06 20:07:28] slim-app.INFO: Slim-Skeleton '/inscription' route [] {"uid":"4f5b4a6"}
[2018-02-06 20:08:14] slim-app.INFO: Slim-Skeleton '/' route [] {"uid":"2e8c42e"}
[2018-02-06 20:08:25] slim-app.INFO: Slim-Skeleton '/inscription' route [] {"uid":"99a3a6c"}
[2018-02-06 20:09:25] slim-app.INFO: Slim-Skeleton '/' route [] {"uid":"322fa4c"}
[2018-02-06 20:09:27] slim-app.INFO: Slim-Skeleton '/inscription' route [] {"uid":"9911c7a"}
[2018-02-06 20:10:47] slim-app.INFO: Slim-Skeleton '/' route [] {"uid":"39a6697"}
[2018-02-06 20:10:49] slim-app.INFO: Slim-Skeleton '/inscription' route [] {"uid":"2be5407"}
[2018-02-06 20:12:28] slim-app.INFO: Slim-Skeleton '/' route [] {"uid":"e55b9a3"}
[2018-02-06 20:12:30] slim-app.INFO: Slim-Skeleton '/inscription' route [] {"uid":"76c2c3e"}
[2018-02-06 20:13:04] slim-app.INFO: Slim-Skeleton '/' route [] {"uid":"9414c54"}
[2018-02-06 20:13:05] slim-app.INFO: Slim-Skeleton '/inscription' route [] {"uid":"3fe622d"}
[2018-02-06 20:13:40] slim-app.INFO: Slim-Skeleton '/' route [] {"uid":"f8b8b6c"}
[2018-02-06 20:13:41] slim-app.INFO: Slim-Skeleton '/inscription' route [] {"uid":"096a99c"}
[2018-02-06 20:13:54] slim-app.INFO: Slim-Skeleton '/inscription' route [] {"uid":"3538eae"}
[2018-02-07 13:00:56] slim-app.INFO: Slim-Skeleton '/' route [] {"uid":"c581e34"}
[2018-02-07 13:01:01] slim-app.INFO: Slim-Skeleton '/inscription' route [] {"uid":"6c23375"}
[2018-02-07 13:01:22] slim-app.INFO: Slim-Skeleton '/inscription' route [] {"uid":"5080ad1"}
[2018-02-07 13:02:15] slim-app.INFO: Slim-Skeleton '/' route [] {"uid":"1acf556"}
[2018-02-07 13:02:17] slim-app.INFO: Slim-Skeleton '/' route [] {"uid":"6338d07"}
[2018-02-07 13:02:19] slim-app.INFO: Slim-Skeleton '/inscription' route [] {"uid":"8e70cf2"}
[2018-02-07 13:02:34] slim-app.INFO: Slim-Skeleton '/inscription' route [] {"uid":"af98170"}
[2018-02-07 13:04:15] slim-app.INFO: Slim-Skeleton '/' route [] {"uid":"fb9cc17"}
[2018-02-07 13:04:16] slim-app.INFO: Slim-Skeleton '/inscription' route [] {"uid":"c9a7c28"}
[2018-02-07 13:05:04] slim-app.INFO: Slim-Skeleton '/' route [] {"uid":"ed2fc47"}
[2018-02-07 13:05:06] slim-app.INFO: Slim-Skeleton '/inscription' route [] {"uid":"3ed9036"}
[2018-02-07 13:05:23] slim-app.INFO: Slim-Skeleton '/inscription' route [] {"uid":"5ad8ab2"}
[2018-02-07 13:06:32] slim-app.INFO: Slim-Skeleton '/inscription' route [] {"uid":"0cc77ea"}
[2018-02-07 13:22:35] slim-app.INFO: Slim-Skeleton '/' route [] {"uid":"5657114"}
[2018-02-07 13:22:37] slim-app.INFO: Slim-Skeleton '/' route [] {"uid":"29456f6"}
[2018-02-07 13:22:41] slim-app.INFO: Slim-Skeleton '/inscription' route [] {"uid":"4066814"}
[2018-02-07 13:23:08] slim-app.INFO: Slim-Skeleton '/login' route [] {"uid":"e1a9366"}
[2018-02-07 13:27:50] slim-app.INFO: Slim-Skeleton '/' route [] {"uid":"9fbebc6"}
[2018-02-07 13:27:52] slim-app.INFO: Slim-Skeleton '/inscription' route [] {"uid":"b3ca2bd"}
[2018-02-07 13:28:14] slim-app.INFO: Slim-Skeleton '/login' route [] {"uid":"05955e7"}
[2018-02-07 13:28:23] slim-app.INFO: Slim-Skeleton '/' route [] {"uid":"2c1c331"}
[2018-02-07 13:28:34] slim-app.INFO: Slim-Skeleton '/login' route [] {"uid":"8c6f977"}
[2018-02-07 13:28:36] slim-app.INFO: Slim-Skeleton '/' route [] {"uid":"60c336c"}
[2018-02-07 13:28:48] slim-app.INFO: Slim-Skeleton '/login' route [] {"uid":"d2001a4"}
[2018-02-07 13:28:54] slim-app.INFO: Slim-Skeleton '/' route [] {"uid":"087385a"}
[2018-02-07 13:56:14] slim-app.INFO: Slim-Skeleton '/' route [] {"uid":"ab2d721"}
[2018-02-07 13:57:50] slim-app.INFO: Slim-Skeleton '/' route [] {"uid":"5426742"}
[2018-02-07 13:57:54] slim-app.INFO: Slim-Skeleton '/' route [] {"uid":"146db21"}
[2018-02-07 13:57:55] slim-app.INFO: Slim-Skeleton '/' route [] {"uid":"f635c81"}
[2018-02-07 14:03:41] slim-app.INFO: Slim-Skeleton '/' route [] {"uid":"7e59858"}
[2018-02-07 14:04:00] slim-app.INFO: Slim-Skeleton '/' route [] {"uid":"778d657"}
[2018-02-07 14:04:07] slim-app.INFO: Slim-Skeleton '/' route [] {"uid":"b127c11"}
[2018-02-07 14:04:21] slim-app.INFO: Slim-Skeleton '/' route [] {"uid":"7bd45d2"}
[2018-02-07 14:24:16] slim-app.INFO: Slim-Skeleton '/inscription' route [] {"uid":"2eee9c3"}
[2018-02-07 14:39:17] slim-app.INFO: Slim-Skeleton '/' route [] {"uid":"8eb0e21"}
[2018-02-07 14:39:19] slim-app.INFO: Slim-Skeleton '/inscription' route [] {"uid":"e3d6f36"}
[2018-02-07 14:39:56] slim-app.INFO: Slim-Skeleton '/inscription' route [] {"uid":"2ef30d7"}
[2018-02-07 14:46:25] slim-app.INFO: Slim-Skeleton '/inscription' route [] {"uid":"075a0de"}
[2018-02-07 14:50:10] slim-app.INFO: Slim-Skeleton '/inscription' route [] {"uid":"a14a457"}
[2018-02-07 14:50:47] slim-app.INFO: Slim-Skeleton '/inscription' route [] {"uid":"0e1a173"}
[2018-02-07 14:52:14] slim-app.INFO: Slim-Skeleton '/inscription' route [] {"uid":"ffe985e"}
[2018-02-07 14:52:34] slim-app.INFO: Slim-Skeleton '/inscription' route [] {"uid":"480423b"}
[2018-02-07 15:01:34] slim-app.INFO: Slim-Skeleton '/inscription' route [] {"uid":"a7b2fee"}
[2018-02-07 15:04:31] slim-app.INFO: Slim-Skeleton '/inscription' route [] {"uid":"ccc37f7"}
[2018-02-07 15:05:37] slim-app.INFO: Slim-Skeleton '/inscription' route [] {"uid":"2b6fb40"}
[2018-02-07 15:05:38] slim-app.INFO: Slim-Skeleton '/inscription' route [] {"uid":"139e300"}
[2018-02-07 15:05:41] slim-app.INFO: Slim-Skeleton '/inscription' route [] {"uid":"7fcb724"}
[2018-02-07 15:07:28] slim-app.INFO: Slim-Skeleton '/inscription' route [] {"uid":"99a534b"}
[2018-02-07 15:08:44] slim-app.INFO: Slim-Skeleton '/inscription' route [] {"uid":"7097911"}
[2018-02-07 15:08:46] slim-app.INFO: Slim-Skeleton '/inscription' route [] {"uid":"8711132"}
[2018-02-07 15:09:41] slim-app.INFO: Slim-Skeleton '/inscription' route [] {"uid":"fd616c9"}
[2018-02-07 15:10:52] slim-app.INFO: Slim-Skeleton '/' route [] {"uid":"6ffacd5"}
[2018-02-07 15:10:54] slim-app.INFO: Slim-Skeleton '/inscription' route [] {"uid":"5f4c9ab"}
[2018-02-07 15:12:08] slim-app.INFO: Slim-Skeleton '/inscription' route [] {"uid":"fa6624b"}
[2018-02-07 15:13:05] slim-app.INFO: Slim-Skeleton '/inscription' route [] {"uid":"4df2bee"}
[2018-02-07 15:13:09] slim-app.INFO: Slim-Skeleton '/inscription' route [] {"uid":"fe3124b"}
[2018-02-07 15:13:47] slim-app.INFO: Slim-Skeleton '/inscription' route [] {"uid":"fe71775"}
[2018-02-07 15:13:49] slim-app.INFO: Slim-Skeleton '/inscription' route [] {"uid":"3f78086"}
[2018-02-07 15:13:50] slim-app.INFO: Slim-Skeleton '/inscription' route [] {"uid":"81bfb85"}
[2018-02-07 15:14:17] slim-app.INFO: Slim-Skeleton '/inscription' route [] {"uid":"014c368"}
[2018-02-07 15:14:19] slim-app.INFO: Slim-Skeleton '/inscription' route [] {"uid":"cb24ccc"}
[2018-02-07 15:14:53] slim-app.INFO: Slim-Skeleton '/inscription' route [] {"uid":"0cca579"}
[2018-02-07 15:14:54] slim-app.INFO: Slim-Skeleton '/inscription' route [] {"uid":"99cfc08"}
[2018-02-07 15:14:55] slim-app.INFO: Slim-Skeleton '/inscription' route [] {"uid":"fc54ae6"}
[2018-02-07 15:15:21] slim-app.INFO: Slim-Skeleton '/inscription' route [] {"uid":"a9a6bf6"}
[2018-02-07 15:15:22] slim-app.INFO: Slim-Skeleton '/inscription' route [] {"uid":"a89f7d6"}
[2018-02-07 15:15:24] slim-app.INFO: Slim-Skeleton '/inscription' route [] {"uid":"1566834"}
[2018-02-07 15:15:24] slim-app.INFO: Slim-Skeleton '/inscription' route [] {"uid":"22b5a41"}
[2018-02-07 15:15:55] slim-app.INFO: Slim-Skeleton '/inscription' route [] {"uid":"8872acb"}
[2018-02-07 15:16:56] slim-app.INFO: Slim-Skeleton '/inscription' route [] {"uid":"83b0c54"}
[2018-02-07 15:16:57] slim-app.INFO: Slim-Skeleton '/inscription' route [] {"uid":"40cfaa3"}
[2018-02-07 15:16:58] slim-app.INFO: Slim-Skeleton '/inscription' route [] {"uid":"e2e9129"}
[2018-02-07 15:17:14] slim-app.INFO: Slim-Skeleton '/inscription' route [] {"uid":"7dfc4bb"}
[2018-02-07 15:17:29] slim-app.INFO: Slim-Skeleton '/inscription' route [] {"uid":"235dead"}
[2018-02-07 15:17:30] slim-app.INFO: Slim-Skeleton '/inscription' route [] {"uid":"53a6898"}
[2018-02-07 15:17:56] slim-app.INFO: Slim-Skeleton '/inscription' route [] {"uid":"253c507"}
[2018-02-07 15:17:58] slim-app.INFO: Slim-Skeleton '/inscription' route [] {"uid":"844aed3"}
[2018-02-07 15:22:18] slim-app.INFO: Slim-Skeleton '/inscription' route [] {"uid":"434f410"}
[2018-02-07 15:22:20] slim-app.INFO: Slim-Skeleton '/inscription' route [] {"uid":"0db251c"}
[2018-02-07 15:22:22] slim-app.INFO: Slim-Skeleton '/inscription' route [] {"uid":"9c9416a"}
[2018-02-07 15:22:57] slim-app.INFO: Slim-Skeleton '/inscription' route [] {"uid":"2664dcc"}
[2018-02-07 15:22:59] slim-app.INFO: Slim-Skeleton '/inscription' route [] {"uid":"ca2d631"}
[2018-02-07 15:23:00] slim-app.INFO: Slim-Skeleton '/inscription' route [] {"uid":"40715fc"}
[2018-02-07 15:24:31] slim-app.INFO: Slim-Skeleton '/inscription' route [] {"uid":"d496655"}
[2018-02-07 15:24:32] slim-app.INFO: Slim-Skeleton '/inscription' route [] {"uid":"aa023b0"}
[2018-02-07 15:24:33] slim-app.INFO: Slim-Skeleton '/inscription' route [] {"uid":"af5e4f7"}
[2018-02-07 15:28:48] slim-app.INFO: Slim-Skeleton '/inscription' route [] {"uid":"ec50841"}
[2018-02-07 15:28:49] slim-app.INFO: Slim-Skeleton '/inscription' route [] {"uid":"4584340"}
[2018-02-07 15:28:50] slim-app.INFO: Slim-Skeleton '/inscription' route [] {"uid":"b3e4704"}
[2018-02-07 15:30:19] slim-app.INFO: Slim-Skeleton '/inscription' route [] {"uid":"442b147"}
[2018-02-07 15:30:21] slim-app.INFO: Slim-Skeleton '/inscription' route [] {"uid":"3465e00"}
[2018-02-07 15:33:29] slim-app.INFO: Slim-Skeleton '/inscription' route [] {"uid":"0fa8cdc"}
[2018-02-07 15:33:30] slim-app.INFO: Slim-Skeleton '/inscription' route [] {"uid":"2f303be"}
[2018-02-07 15:33:33] slim-app.INFO: Slim-Skeleton '/inscription' route [] {"uid":"6793b1f"}
[2018-02-07 15:33:33] slim-app.INFO: Slim-Skeleton '/inscription' route [] {"uid":"ffafddf"}
[2018-02-07 15:33:33] slim-app.INFO: Slim-Skeleton '/inscription' route [] {"uid":"29ded35"}
[2018-02-07 15:33:46] slim-app.INFO: Slim-Skeleton '/inscription' route [] {"uid":"83d1d1f"}
[2018-02-07 15:33:47] slim-app.INFO: Slim-Skeleton '/inscription' route [] {"uid":"c5713a4"}
[2018-02-07 15:33:48] slim-app.INFO: Slim-Skeleton '/inscription' route [] {"uid":"ffed849"}
[2018-02-07 15:33:49] slim-app.INFO: Slim-Skeleton '/inscription' route [] {"uid":"170a0f3"}
[2018-02-07 15:33:50] slim-app.INFO: Slim-Skeleton '/inscription' route [] {"uid":"cafdb34"}
[2018-02-07 15:33:51] slim-app.INFO: Slim-Skeleton '/inscription' route [] {"uid":"e1c9a66"}
[2018-02-07 15:34:04] slim-app.INFO: Slim-Skeleton '/inscription' route [] {"uid":"99de3d4"}
[2018-02-07 15:34:05] slim-app.INFO: Slim-Skeleton '/inscription' route [] {"uid":"6da2486"}
[2018-02-07 15:34:06] slim-app.INFO: Slim-Skeleton '/inscription' route [] {"uid":"6fb0449"}
[2018-02-07 15:36:04] slim-app.INFO: Slim-Skeleton '/inscription' route [] {"uid":"a965dad"}
[2018-02-07 15:36:05] slim-app.INFO: Slim-Skeleton '/inscription' route [] {"uid":"5861ce9"}
[2018-02-07 15:36:06] slim-app.INFO: Slim-Skeleton '/inscription' route [] {"uid":"c38fe1b"}
[2018-02-07 15:37:25] slim-app.INFO: Slim-Skeleton '/inscription' route [] {"uid":"0a0d7a1"}
[2018-02-07 15:38:51] slim-app.INFO: Slim-Skeleton '/inscription' route [] {"uid":"0d15433"}
[2018-02-07 15:40:13] slim-app.INFO: Slim-Skeleton '/inscription' route [] {"uid":"1241b96"}
[2018-02-07 15:40:31] slim-app.INFO: Slim-Skeleton '/inscription' route [] {"uid":"79e33d0"}
[2018-02-07 15:40:46] slim-app.INFO: Slim-Skeleton '/inscription' route [] {"uid":"e1279da"}
[2018-02-07 15:40:59] slim-app.INFO: Slim-Skeleton '/inscription' route [] {"uid":"d8ec268"}
[2018-02-07 15:46:14] slim-app.INFO: Slim-Skeleton '/inscription' route [] {"uid":"7cc1755"}
[2018-02-07 15:46:15] slim-app.INFO: Slim-Skeleton '/inscription' route [] {"uid":"52896c9"}
[2018-02-07 15:46:20] slim-app.INFO: Slim-Skeleton '/inscription' route [] {"uid":"7422b35"}
[2018-02-08 15:30:01] slim-app.INFO: Slim-Skeleton '/' route [] {"uid":"78a939e"}
[2018-02-08 15:30:39] slim-app.INFO: Slim-Skeleton '/' route [] {"uid":"9766b91"}
[2018-02-08 15:30:40] slim-app.INFO: Slim-Skeleton '/' route [] {"uid":"286f1c1"}
[2018-02-08 15:30:54] slim-app.INFO: Slim-Skeleton '/' route [] {"uid":"f262244"}
[2018-02-08 15:34:32] slim-app.INFO: Slim-Skeleton '/inscription' route [] {"uid":"9fab41c"}
[2018-02-12 13:33:28] slim-app.INFO: Slim-Skeleton '/' route [] {"uid":"55e5a0d"}
[2018-02-12 13:33:35] slim-app.INFO: Slim-Skeleton '/inscription' route [] {"uid":"a6d8e4d"}
[2018-02-12 13:35:30] slim-app.INFO: Slim-Skeleton '/inscription' route [] {"uid":"0510c54"}
[2018-02-12 13:35:39] slim-app.INFO: Slim-Skeleton '/' route [] {"uid":"c7d3e18"}
[2018-02-12 13:35:54] slim-app.INFO: Slim-Skeleton '/login' route [] {"uid":"618309a"}
[2018-02-12 13:36:38] slim-app.INFO: Slim-Skeleton '/' route [] {"uid":"4c1625f"}
[2018-02-12 13:36:39] slim-app.INFO: Slim-Skeleton '/' route [] {"uid":"f5ef7fe"}
[2018-02-12 13:36:40] slim-app.INFO: Slim-Skeleton '/' route [] {"uid":"337219a"}
[2018-02-12 13:36:41] slim-app.INFO: Slim-Skeleton '/inscription' route [] {"uid":"e1df04b"}
[2018-02-12 13:36:48] slim-app.INFO: Slim-Skeleton '/' route [] {"uid":"fec7ee5"}
[2018-02-12 13:36:50] slim-app.INFO: Slim-Skeleton '/inscription' route [] {"uid":"05bb5bc"}
[2018-02-12 13:36:57] slim-app.INFO: Slim-Skeleton '/' route [] {"uid":"c631822"}
[2018-02-12 13:36:59] slim-app.INFO: Slim-Skeleton '/' route [] {"uid":"7e9cb1d"}
[2018-02-12 13:37:01] slim-app.INFO: Slim-Skeleton '/' route [] {"uid":"4f8d7cb"}
[2018-02-12 13:37:03] slim-app.INFO: Slim-Skeleton '/inscription' route [] {"uid":"78edc01"}
[2018-02-12 13:37:48] slim-app.INFO: Slim-Skeleton '/' route [] {"uid":"cb1828c"}
[2018-02-12 13:37:50] slim-app.INFO: Slim-Skeleton '/' route [] {"uid":"fcc1ac7"}
[2018-02-12 13:37:51] slim-app.INFO: Slim-Skeleton '/inscription' route [] {"uid":"f83fd96"}
[2018-02-12 13:38:23] slim-app.INFO: Slim-Skeleton '/inscription' route [] {"uid":"01a8d79"}
[2018-02-12 13:38:46] slim-app.INFO: Slim-Skeleton '/inscription' route [] {"uid":"fa14ad8"}
[2018-02-12 13:38:48] slim-app.INFO: Slim-Skeleton '/inscription' route [] {"uid":"cd3ba57"}
[2018-02-12 13:47:00] slim-app.INFO: Slim-Skeleton '/inscription' route [] {"uid":"2b25fe7"}
[2018-02-12 13:47:01] slim-app.INFO: Slim-Skeleton '/inscription' route [] {"uid":"b55d72d"}
[2018-02-12 13:47:04] slim-app.INFO: Slim-Skeleton '/' route [] {"uid":"736f0ad"}
[2018-02-12 13:47:06] slim-app.INFO: Slim-Skeleton '/' route [] {"uid":"6e70ecf"}
[2018-02-12 13:55:37] slim-app.INFO: Slim-Skeleton '/' route [] {"uid":"a636b5e"}
[2018-02-12 14:19:24] slim-app.INFO: Slim-Skeleton '/' route [] {"uid":"e2af7ce"}
[2018-02-12 14:19:25] slim-app.INFO: Slim-Skeleton '/' route [] {"uid":"75dd795"}
[2018-02-12 14:19:26] slim-app.INFO: Slim-Skeleton '/' route [] {"uid":"dc7a013"}
[2018-02-12 14:19:27] slim-app.INFO: Slim-Skeleton '/inscription' route [] {"uid":"38b67da"}
[2018-02-12 14:20:49] slim-app.INFO: Slim-Skeleton '/inscription' route [] {"uid":"fe591ba"}
[2018-02-12 14:21:21] slim-app.INFO: Slim-Skeleton '/inscription' route [] {"uid":"2c5974c"}
[2018-02-12 14:21:22] slim-app.INFO: Slim-Skeleton '/inscription' route [] {"uid":"d07dc30"}
[2018-02-12 14:21:35] slim-app.INFO: Slim-Skeleton '/inscription' route [] {"uid":"c2cae60"}
[2018-02-12 14:21:55] slim-app.INFO: Slim-Skeleton '/' route [] {"uid":"2dd0720"}
[2018-02-12 15:03:05] slim-app.INFO: Slim-Skeleton '/' route [] {"uid":"ab053dd"}
[2018-02-12 15:03:06] slim-app.INFO: Slim-Skeleton '/' route [] {"uid":"56d9e26"}
[2018-02-12 15:03:08] slim-app.INFO: Slim-Skeleton '/inscription' route [] {"uid":"ac26758"}
[2018-02-12 15:38:48] slim-app.INFO: Slim-Skeleton '/inscription' route [] {"uid":"dea992b"}
[2018-02-12 15:38:52] slim-app.INFO: Slim-Skeleton '/' route [] {"uid":"93068e6"}
[2018-02-12 15:38:53] slim-app.INFO: Slim-Skeleton '/' route [] {"uid":"cb2a055"}
[2018-02-12 15:38:55] slim-app.INFO: Slim-Skeleton '/inscription' route [] {"uid":"0581e59"}
[2018-02-12 15:41:19] slim-app.INFO: Slim-Skeleton '/inscription' route [] {"uid":"233ab05"}
[2018-02-12 15:42:57] slim-app.INFO: Slim-Skeleton '/inscription' route [] {"uid":"939d05b"}
[2018-02-12 15:43:47] slim-app.INFO: Slim-Skeleton '/inscription' route [] {"uid":"7af8dc3"}
[2018-02-12 15:45:12] slim-app.INFO: Slim-Skeleton '/inscription' route [] {"uid":"a60ded1"}
[2018-02-12 15:46:45] slim-app.INFO: Slim-Skeleton '/inscription' route [] {"uid":"d144f4e"}
[2018-02-12 15:47:57] slim-app.INFO: Slim-Skeleton '/' route [] {"uid":"5a8e076"}
[2018-02-12 19:05:26] slim-app.INFO: Slim-Skeleton '/' route [] {"uid":"a887148"}
[2018-02-12 19:05:30] slim-app.INFO: Slim-Skeleton '/inscription' route [] {"uid":"40f7e78"}
[2018-02-12 19:08:08] slim-app.INFO: Slim-Skeleton '/inscription' route [] {"uid":"b866328"}
[2018-02-12 19:08:10] slim-app.INFO: Slim-Skeleton '/inscription' route [] {"uid":"b049d81"}
[2018-02-12 19:08:46] slim-app.INFO: Slim-Skeleton '/' route [] {"uid":"a24dc6f"}
[2018-02-12 19:08:47] slim-app.INFO: Slim-Skeleton '/' route [] {"uid":"cdfe0cd"}
[2018-02-12 19:09:33] slim-app.INFO: Slim-Skeleton '/' route [] {"uid":"575b2e2"}
[2018-02-12 19:10:29] slim-app.INFO: Slim-Skeleton '/' route [] {"uid":"dabfb7f"}
[2018-02-12 19:14:38] slim-app.INFO: Slim-Skeleton '/' route [] {"uid":"24b83fe"}
[2018-02-12 19:14:51] slim-app.INFO: Slim-Skeleton '/login' route [] {"uid":"1e5f2ec"}
[2018-02-12 19:17:36] slim-app.INFO: Slim-Skeleton '/' route [] {"uid":"e072f81"}
[2018-02-12 19:17:38] slim-app.INFO: Slim-Skeleton '/' route [] {"uid":"e95793e"}
[2018-02-12 19:17:50] slim-app.INFO: Slim-Skeleton '/login' route [] {"uid":"ed89617"}
[2018-02-12 19:19:59] slim-app.INFO: Slim-Skeleton '/' route [] {"uid":"44270b6"}
[2018-02-12 19:20:00] slim-app.INFO: Slim-Skeleton '/' route [] {"uid":"b7397bc"}
[2018-02-12 19:20:12] slim-app.INFO: Slim-Skeleton '/login' route [] {"uid":"dd1414d"}
[2018-02-12 19:22:30] slim-app.INFO: Slim-Skeleton '/' route [] {"uid":"73c2c65"}
[2018-02-12 19:22:31] slim-app.INFO: Slim-Skeleton '/' route [] {"uid":"102d414"}
[2018-02-12 19:22:46] slim-app.INFO: Slim-Skeleton '/login' route [] {"uid":"a55d882"}
[2018-02-12 19:25:41] slim-app.INFO: Slim-Skeleton '/' route [] {"uid":"04c2dc3"}
[2018-02-12 19:25:42] slim-app.INFO: Slim-Skeleton '/' route [] {"uid":"8f595ac"}
[2018-02-12 19:25:51] slim-app.INFO: Slim-Skeleton '/login' route [] {"uid":"6237da2"}
[2018-02-12 19:26:56] slim-app.INFO: Slim-Skeleton '/' route [] {"uid":"c42072a"}
[2018-02-12 19:26:58] slim-app.INFO: Slim-Skeleton '/' route [] {"uid":"cd469f8"}
[2018-02-12 19:27:09] slim-app.INFO: Slim-Skeleton '/login' route [] {"uid":"ff9b1e1"}
[2018-02-12 19:29:31] slim-app.INFO: Slim-Skeleton '/' route [] {"uid":"fc8fdb1"}
[2018-02-12 19:29:32] slim-app.INFO: Slim-Skeleton '/' route [] {"uid":"8bf1ab3"}
[2018-02-12 19:29:40] slim-app.INFO: Slim-Skeleton '/login' route [] {"uid":"c05549f"}
[2018-02-12 19:31:42] slim-app.INFO: Slim-Skeleton '/' route [] {"uid":"fb9f7d1"}
[2018-02-12 19:31:44] slim-app.INFO: Slim-Skeleton '/' route [] {"uid":"4fe4274"}
[2018-02-12 19:31:46] slim-app.INFO: Slim-Skeleton '/' route [] {"uid":"8bc366b"}
[2018-02-12 19:31:46] slim-app.INFO: Slim-Skeleton '/' route [] {"uid":"173101f"}
[2018-02-12 19:34:18] slim-app.INFO: Slim-Skeleton '/login' route [] {"uid":"979bfc9"}
[2018-02-12 19:34:21] slim-app.INFO: Slim-Skeleton '/' route [] {"uid":"749c44b"}
[2018-02-12 19:34:22] slim-app.INFO: Slim-Skeleton '/' route [] {"uid":"cddcb71"}
[2018-02-12 19:34:23] slim-app.INFO: Slim-Skeleton '/' route [] {"uid":"43ecd02"}
[2018-02-12 19:34:25] slim-app.INFO: Slim-Skeleton '/inscription' route [] {"uid":"a379b46"}
[2018-02-12 19:36:07] slim-app.INFO: Slim-Skeleton '/inscription' route [] {"uid":"82bf6c0"}
[2018-02-12 19:36:07] slim-app.INFO: Slim-Skeleton '/inscription' route [] {"uid":"d8eb84b"}
[2018-02-12 19:36:09] slim-app.INFO: Slim-Skeleton '/' route [] {"uid":"759b6fe"}
[2018-02-12 19:36:19] slim-app.INFO: Slim-Skeleton '/login' route [] {"uid":"a04c342"}
[2018-02-12 19:39:15] slim-app.INFO: Slim-Skeleton '/' route [] {"uid":"9391a96"}
[2018-02-12 19:39:26] slim-app.INFO: Slim-Skeleton '/login' route [] {"uid":"1afd9d5"}
[2018-02-12 19:40:38] slim-app.INFO: Slim-Skeleton '/' route [] {"uid":"b2e53ba"}
[2018-02-12 19:40:41] slim-app.INFO: Slim-Skeleton '/' route [] {"uid":"41dfb34"}
[2018-02-12 19:40:43] slim-app.INFO: Slim-Skeleton '/' route [] {"uid":"07435b4"}
[2018-02-12 19:41:11] slim-app.INFO: Slim-Skeleton '/login' route [] {"uid":"56d1541"}
[2018-02-13 14:39:11] slim-app.INFO: Slim-Skeleton '/' route [] {"uid":"e45d56e"}
[2018-02-13 14:39:14] slim-app.INFO: Slim-Skeleton '/inscription' route [] {"uid":"1164a7a"}
[2018-02-13 14:39:35] slim-app.INFO: Slim-Skeleton '/' route [] {"uid":"7e79722"}
[2018-02-13 14:39:45] slim-app.INFO: Slim-Skeleton '/login' route [] {"uid":"e2161d7"}
[2018-02-13 14:39:48] slim-app.INFO: Slim-Skeleton '/' route [] {"uid":"17c1718"}
[2018-02-13 15:31:06] slim-app.INFO: Slim-Skeleton '/' route [] {"uid":"cc3c8ed"}
[2018-02-13 15:31:10] slim-app.INFO: Slim-Skeleton '/inscription' route [] {"uid":"b7932f3"}
[2018-02-13 15:32:35] slim-app.INFO: Slim-Skeleton '/inscription' route [] {"uid":"c603bd4"}
[2018-02-13 15:32:51] slim-app.INFO: Slim-Skeleton '/inscription' route [] {"uid":"b0228c3"}
[2018-02-13 15:33:37] slim-app.INFO: Slim-Skeleton '/' route [] {"uid":"a0464a5"}
[2018-02-13 15:43:31] slim-app.INFO: Slim-Skeleton '/' route [] {"uid":"856f860"}
[2018-02-13 15:43:33] slim-app.INFO: Slim-Skeleton '/inscription' route [] {"uid":"f0e68c3"}
[2018-02-13 15:54:41] slim-app.INFO: Slim-Skeleton '/' route [] {"uid":"6775363"}
[2018-02-13 16:01:33] slim-app.INFO: Slim-Skeleton '/' route [] {"uid":"e275edc"}
[2018-02-13 16:01:36] slim-app.INFO: Slim-Skeleton '/inscription' route [] {"uid":"33446ef"}
[2018-02-13 16:03:19] slim-app.INFO: Slim-Skeleton '/inscription' route [] {"uid":"71d837f"}
[2018-02-13 16:04:51] slim-app.INFO: Slim-Skeleton '/inscription' route [] {"uid":"0946287"}
[2018-02-13 16:05:16] slim-app.INFO: Slim-Skeleton '/inscription' route [] {"uid":"0ff1f37"}
[2018-02-13 16:05:41] slim-app.INFO: Slim-Skeleton '/inscription' route [] {"uid":"595457d"}
[2018-02-13 16:06:19] slim-app.INFO: Slim-Skeleton '/inscription' route [] {"uid":"84d8675"}
[2018-02-13 16:06:31] slim-app.INFO: Slim-Skeleton '/inscription' route [] {"uid":"4f26974"}
[2018-02-13 16:06:50] slim-app.INFO: Slim-Skeleton '/inscription' route [] {"uid":"30d83e6"}
[2018-02-13 16:07:12] slim-app.INFO: Slim-Skeleton '/inscription' route [] {"uid":"667febf"}
[2018-02-13 16:16:48] slim-app.INFO: Slim-Skeleton '/inscription' route [] {"uid":"06b05fc"}
[2018-02-13 16:17:56] slim-app.INFO: Slim-Skeleton '/inscription' route [] {"uid":"68b6faa"}
[2018-02-13 16:18:37] slim-app.INFO: Slim-Skeleton '/inscription' route [] {"uid":"578b500"}
[2018-02-13 16:26:06] slim-app.INFO: Slim-Skeleton '/' route [] {"uid":"742f6b6"}
[2018-02-13 19:05:49] slim-app.INFO: Slim-Skeleton '/' route [] {"uid":"228b9da"}
[2018-02-13 19:05:58] slim-app.INFO: Slim-Skeleton '/inscription' route [] {"uid":"a054ec4"}
[2018-02-13 19:07:59] slim-app.INFO: Slim-Skeleton '/inscription' route [] {"uid":"158c27e"}
[2018-02-13 19:09:56] slim-app.INFO: Slim-Skeleton '/inscription' route [] {"uid":"3f4b600"}
[2018-02-13 19:11:06] slim-app.INFO: Slim-Skeleton '/inscription' route [] {"uid":"3b22251"}
[2018-02-13 19:11:27] slim-app.INFO: Slim-Skeleton '/inscription' route [] {"uid":"9567554"}
[2018-02-13 19:12:51] slim-app.INFO: Slim-Skeleton '/inscription' route [] {"uid":"2da0451"}
[2018-02-13 19:13:58] slim-app.INFO: Slim-Skeleton '/inscription' route [] {"uid":"07dddc6"}
[2018-02-13 19:14:57] slim-app.INFO: Slim-Skeleton '/inscription' route [] {"uid":"8e55765"}
[2018-02-13 19:16:26] slim-app.INFO: Slim-Skeleton '/inscription' route [] {"uid":"38191d9"}
[2018-02-13 19:17:41] slim-app.INFO: Slim-Skeleton '/inscription' route [] {"uid":"7d9b9a1"}
[2018-02-13 19:17:57] slim-app.INFO: Slim-Skeleton '/inscription' route [] {"uid":"94e8d34"}
[2018-02-13 19:18:47] slim-app.INFO: Slim-Skeleton '/inscription' route [] {"uid":"9678650"}
[2018-02-13 19:19:45] slim-app.INFO: Slim-Skeleton '/inscription' route [] {"uid":"7bd4570"}
[2018-02-13 19:20:11] slim-app.INFO: Slim-Skeleton '/inscription' route [] {"uid":"01c02a7"}
[2018-02-13 19:20:29] slim-app.INFO: Slim-Skeleton '/inscription' route [] {"uid":"56b3707"}
[2018-02-13 19:20:47] slim-app.INFO: Slim-Skeleton '/inscription' route [] {"uid":"8388745"}
[2018-02-13 19:21:43] slim-app.INFO: Slim-Skeleton '/inscription' route [] {"uid":"a528d25"}
[2018-02-13 19:23:10] slim-app.INFO: Slim-Skeleton '/inscription' route [] {"uid":"ce666fb"}
[2018-02-13 19:25:59] slim-app.INFO: Slim-Skeleton '/inscription' route [] {"uid":"dbe4549"}
[2018-02-13 19:26:35] slim-app.INFO: Slim-Skeleton '/inscription' route [] {"uid":"c380bf4"}
[2018-02-14 08:40:01] slim-app.INFO: Slim-Skeleton '/' route [] {"uid":"2730fbf"}
[2018-02-15 13:46:56] slim-app.INFO: Slim-Skeleton '/' route [] {"uid":"c4d4acc"}
[2018-02-15 13:49:16] slim-app.INFO: Slim-Skeleton '/' route [] {"uid":"6a6864f"}
[2018-02-15 13:49:17] slim-app.INFO: Slim-Skeleton '/' route [] {"uid":"77a3c5f"}
[2018-02-15 13:49:19] slim-app.INFO: Slim-Skeleton '/' route [] {"uid":"9f37381"}
[2018-02-15 13:49:20] slim-app.INFO: Slim-Skeleton '/' route [] {"uid":"f15d4f3"}
[2018-02-15 13:50:08] slim-app.INFO: Slim-Skeleton '/' route [] {"uid":"8c9ddbc"}
[2018-02-15 13:50:26] slim-app.INFO: Slim-Skeleton '/' route [] {"uid":"bb473c1"}
[2018-02-15 13:56:04] slim-app.INFO: Slim-Skeleton '/' route [] {"uid":"b8832a7"}
[2018-02-15 13:56:08] slim-app.INFO: Slim-Skeleton '/inscription' route [] {"uid":"36673bc"}
[2018-02-15 13:56:13] slim-app.INFO: Slim-Skeleton '/' route [] {"uid":"1cebaec"}
[2018-02-15 13:56:24] slim-app.INFO: Slim-Skeleton '/login' route [] {"uid":"11c0d36"}
[2018-02-15 13:56:31] slim-app.INFO: Slim-Skeleton '/' route [] {"uid":"f9db383"}
[2018-02-15 14:58:05] slim-app.INFO: Slim-Skeleton '/' route [] {"uid":"040e4f1"}
[2018-02-15 14:58:06] slim-app.INFO: Slim-Skeleton '/' route [] {"uid":"249f4f3"}
[2018-02-15 14:58:09] slim-app.INFO: Slim-Skeleton '/inscription' route [] {"uid":"c8cbac8"}
[2018-02-15 15:03:45] slim-app.INFO: Slim-Skeleton '/login' route [] {"uid":"eb0ddc3"}
[2018-02-15 15:03:45] slim-app.INFO: Slim-Skeleton '/' route [] {"uid":"1900529"}
[2018-02-15 15:05:23] slim-app.INFO: Slim-Skeleton '/login' route [] {"uid":"1cd6d76"}
[2018-02-15 15:06:44] slim-app.INFO: Slim-Skeleton '/' route [] {"uid":"4058b56"}
[2018-02-15 15:06:58] slim-app.INFO: Slim-Skeleton '/login' route [] {"uid":"dd56955"}
[2018-02-15 15:07:04] slim-app.INFO: Slim-Skeleton '/' route [] {"uid":"536d59f"}
[2018-02-15 15:10:03] slim-app.INFO: Slim-Skeleton '/' route [] {"uid":"33b83d0"}
[2018-02-15 15:10:04] slim-app.INFO: Slim-Skeleton '/' route [] {"uid":"cc1f978"}
[2018-02-15 15:10:06] slim-app.INFO: Slim-Skeleton '/inscription' route [] {"uid":"b8ff728"}
[2018-02-15 15:10:43] slim-app.INFO: Slim-Skeleton '/login' route [] {"uid":"4d6c05f"}
[2018-02-15 15:10:43] slim-app.INFO: Slim-Skeleton '/' route [] {"uid":"a402658"}
[2018-02-15 15:15:27] slim-app.INFO: Slim-Skeleton '/' route [] {"uid":"d98b046"}
[2018-02-15 15:15:30] slim-app.INFO: Slim-Skeleton '/inscription' route [] {"uid":"1c4f8d8"}
[2018-02-15 15:15:52] slim-app.INFO: Slim-Skeleton '/login' route [] {"uid":"b766895"}
[2018-02-15 15:15:52] slim-app.INFO: Slim-Skeleton '/' route [] {"uid":"a94ec32"}
[2018-02-15 15:17:26] slim-app.INFO: Slim-Skeleton '/' route [] {"uid":"07c2841"}
[2018-02-15 15:17:27] slim-app.INFO: Slim-Skeleton '/inscription' route [] {"uid":"04c0768"}
[2018-02-15 15:17:43] slim-app.INFO: Slim-Skeleton '/login' route [] {"uid":"01ed2dc"}
[2018-02-15 15:21:22] slim-app.INFO: Slim-Skeleton '/' route [] {"uid":"59cfb6a"}
[2018-02-15 15:21:23] slim-app.INFO: Slim-Skeleton '/inscription' route [] {"uid":"57af4ef"}
[2018-02-15 15:21:41] slim-app.INFO: Slim-Skeleton '/login' route [] {"uid":"324f966"}
[2018-02-15 15:23:57] slim-app.INFO: Slim-Skeleton '/' route [] {"uid":"b35f790"}
[2018-02-15 15:23:58] slim-app.INFO: Slim-Skeleton '/inscription' route [] {"uid":"2722253"}
[2018-02-15 15:24:14] slim-app.INFO: Slim-Skeleton '/login' route [] {"uid":"3b2bc12"}
[2018-02-15 15:24:59] slim-app.INFO: Slim-Skeleton '/' route [] {"uid":"bc44533"}
[2018-02-15 15:25:00] slim-app.INFO: Slim-Skeleton '/inscription' route [] {"uid":"97f8b60"}
[2018-02-15 15:25:15] slim-app.INFO: Slim-Skeleton '/login' route [] {"uid":"8ddfb68"}
[2018-02-15 15:28:38] slim-app.INFO: Slim-Skeleton '/' route [] {"uid":"8cc5c03"}
[2018-02-15 15:28:44] slim-app.INFO: Slim-Skeleton '/inscription' route [] {"uid":"c041410"}
[2018-02-15 15:29:03] slim-app.INFO: Slim-Skeleton '/login' route [] {"uid":"6c82fab"}
[2018-02-15 17:54:26] slim-app.INFO: Slim-Skeleton '/' route [] {"uid":"e7d7808"}
[2018-02-15 17:54:58] slim-app.INFO: Slim-Skeleton '/' route [] {"uid":"81717ea"}
[2018-02-15 19:11:20] slim-app.INFO: Slim-Skeleton '/' route [] {"uid":"e6e4209"}
[2018-02-15 19:11:20] slim-app.INFO: Slim-Skeleton '/' route [] {"uid":"3f0c624"}
[2018-02-15 19:11:22] slim-app.INFO: Slim-Skeleton '/' route [] {"uid":"790798f"}
[2018-02-15 19:11:38] slim-app.INFO: Slim-Skeleton '/login' route [] {"uid":"6ba6fae"}
[2018-02-15 19:12:01] slim-app.INFO: Slim-Skeleton '/' route [] {"uid":"4955877"}
[2018-02-15 19:14:12] slim-app.INFO: Slim-Skeleton '/' route [] {"uid":"bd86db2"}
[2018-02-15 19:14:22] slim-app.INFO: Slim-Skeleton '/login' route [] {"uid":"6df5f2a"}
[2018-02-15 19:14:42] slim-app.INFO: Slim-Skeleton '/' route [] {"uid":"0af163a"}
[2018-02-15 19:21:52] slim-app.INFO: Slim-Skeleton '/' route [] {"uid":"ba02415"}
[2018-02-15 19:21:53] slim-app.INFO: Slim-Skeleton '/' route [] {"uid":"f21c33f"}
[2018-02-15 19:21:54] slim-app.INFO: Slim-Skeleton '/' route [] {"uid":"eabf132"}
[2018-02-15 19:22:00] slim-app.INFO: Slim-Skeleton '/inscription' route [] {"uid":"bb7dae5"}
[2018-02-15 19:22:29] slim-app.INFO: Slim-Skeleton '/inscription' route [] {"uid":"836a57c"}
[2018-02-15 19:22:29] slim-app.INFO: Slim-Skeleton '/' route [] {"uid":"f011019"}
[2018-02-15 19:22:52] slim-app.INFO: Slim-Skeleton '/login' route [] {"uid":"30468a9"}
[2018-02-15 19:23:03] slim-app.INFO: Slim-Skeleton '/' route [] {"uid":"048cf8c"}
[2018-02-16 08:46:57] slim-app.INFO: Slim-Skeleton '/' route [] {"uid":"c50ae0c"}
[2018-02-16 08:47:34] slim-app.INFO: Slim-Skeleton '/login' route [] {"uid":"c0e1d9e"}
[2018-02-16 08:47:45] slim-app.INFO: Slim-Skeleton '/login' route [] {"uid":"f87a767"}
[2018-02-16 08:47:45] slim-app.INFO: Slim-Skeleton '/' route [] {"uid":"cd62201"}
[2018-02-16 08:54:50] slim-app.INFO: Slim-Skeleton '/' route [] {"uid":"c6eb293"}
[2018-02-16 08:55:03] slim-app.INFO: Slim-Skeleton '/login' route [] {"uid":"937716b"}
[2018-02-16 08:56:24] slim-app.INFO: Slim-Skeleton '/login' route [] {"uid":"db6c6e7"}
[2018-02-16 08:58:25] slim-app.INFO: Slim-Skeleton '/login' route [] {"uid":"b23d092"}
[2018-02-16 08:58:53] slim-app.INFO: Slim-Skeleton '/' route [] {"uid":"d869a58"}
[2018-02-16 08:58:56] slim-app.INFO: Slim-Skeleton '/' route [] {"uid":"aef612d"}
[2018-02-16 08:59:10] slim-app.INFO: Slim-Skeleton '/login' route [] {"uid":"8bdf14d"}
[2018-02-16 09:02:07] slim-app.INFO: Slim-Skeleton '/login' route [] {"uid":"3ab906b"}
[2018-02-16 09:04:42] slim-app.INFO: Slim-Skeleton '/' route [] {"uid":"937cc6e"}
[2018-02-16 09:10:59] slim-app.INFO: Slim-Skeleton '/' route [] {"uid":"9c859eb"}
[2018-02-16 09:11:09] slim-app.INFO: Slim-Skeleton '/login' route [] {"uid":"18254bd"}
[2018-02-16 09:12:42] slim-app.INFO: Slim-Skeleton '/login' route [] {"uid":"7307641"}
[2018-02-16 09:12:56] slim-app.INFO: Slim-Skeleton '/login' route [] {"uid":"3e4e911"}
[2018-02-16 09:14:50] slim-app.INFO: Slim-Skeleton '/login' route [] {"uid":"facc2a6"}
[2018-02-16 09:14:55] slim-app.INFO: Slim-Skeleton '/' route [] {"uid":"25c7115"}
[2018-02-16 12:33:11] slim-app.INFO: Slim-Skeleton '/' route [] {"uid":"44ff8ec"}
[2018-02-17 13:28:05] slim-app.INFO: Slim-Skeleton '/' route [] {"uid":"b265666"}
[2018-02-17 13:28:29] slim-app.INFO: Slim-Skeleton '/login' route [] {"uid":"e1ce051"}
[2018-02-17 13:28:57] slim-app.INFO: Slim-Skeleton '/' route [] {"uid":"0325e9d"}
[2018-02-17 13:36:31] slim-app.INFO: Slim-Skeleton '/' route [] {"uid":"3e91bfb"}
[2018-02-17 13:36:31] slim-app.INFO: Slim-Skeleton '/' route [] {"uid":"ae672dd"}
[2018-02-17 13:36:49] slim-app.INFO: Slim-Skeleton '/login' route [] {"uid":"5a4c001"}
[2018-02-17 13:50:30] slim-app.INFO: Slim-Skeleton '/' route [] {"uid":"59c2cb6"}
[2018-02-17 14:03:38] slim-app.INFO: Slim-Skeleton '/' route [] {"uid":"6a558e3"}
[2018-02-17 14:03:39] slim-app.INFO: Slim-Skeleton '/' route [] {"uid":"fee3355"}
[2018-02-17 14:03:40] slim-app.INFO: Slim-Skeleton '/' route [] {"uid":"6abf445"}
[2018-02-17 14:03:56] slim-app.INFO: Slim-Skeleton '/login' route [] {"uid":"54489b0"}
[2018-02-17 14:04:07] slim-app.INFO: Slim-Skeleton '/' route [] {"uid":"76f9a09"}
[2018-02-17 14:09:27] slim-app.INFO: Slim-Skeleton '/' route [] {"uid":"f00d06a"}
[2018-02-17 14:09:39] slim-app.INFO: Slim-Skeleton '/login' route [] {"uid":"bb6ac89"}
[2018-02-19 13:15:26] slim-app.INFO: Slim-Skeleton '/' route [] {"uid":"ea53d27"}
[2018-02-19 13:15:31] slim-app.INFO: Slim-Skeleton '/edituser' route [] {"uid":"4a335a5"}
[2018-02-19 13:16:08] slim-app.INFO: Slim-Skeleton '/' route [] {"uid":"24e38f6"}
[2018-02-19 13:16:09] slim-app.INFO: Slim-Skeleton '/' route [] {"uid":"2c0deda"}
[2018-02-19 13:16:11] slim-app.INFO: Slim-Skeleton '/edituser' route [] {"uid":"c35efde"}
[2018-02-19 13:16:20] slim-app.INFO: Slim-Skeleton '/' route [] {"uid":"d5b3528"}
[2018-02-19 13:16:22] slim-app.INFO: Slim-Skeleton '/edituser' route [] {"uid":"b3ee3ea"}
[2018-02-19 13:16:24] slim-app.INFO: Slim-Skeleton '/' route [] {"uid":"e38e2c8"}
[2018-02-19 13:17:25] slim-app.INFO: Slim-Skeleton '/' route [] {"uid":"13189c2"}
[2018-02-19 13:17:29] slim-app.INFO: Slim-Skeleton '/' route [] {"uid":"e0e23e1"}
[2018-02-19 13:17:33] slim-app.INFO: Slim-Skeleton '/' route [] {"uid":"f816ac5"}
[2018-02-19 13:17:47] slim-app.INFO: Slim-Skeleton '/inscription' route [] {"uid":"d17f0bd"}
[2018-02-19 13:17:50] slim-app.INFO: Slim-Skeleton '/' route [] {"uid":"3a6a90e"}
[2018-02-19 13:18:16] slim-app.INFO: Slim-Skeleton '/login' route [] {"uid":"b50c4cd"}
[2018-02-19 13:22:22] slim-app.INFO: Slim-Skeleton '/' route [] {"uid":"e58ad45"}
[2018-02-19 13:22:35] slim-app.INFO: Slim-Skeleton '/login' route [] {"uid":"c53e45a"}
[2018-02-19 13:24:08] slim-app.INFO: Slim-Skeleton '/addarticle' route [] {"uid":"e2771a2"}
[2018-02-19 13:26:58] slim-app.INFO: Slim-Skeleton '/' route [] {"uid":"4513041"}
[2018-02-19 13:27:10] slim-app.INFO: Slim-Skeleton '/login' route [] {"uid":"cc7f14b"}
[2018-02-19 13:27:27] slim-app.INFO: Slim-Skeleton '/addarticle' route [] {"uid":"a942526"}
[2018-02-19 13:29:05] slim-app.INFO: Slim-Skeleton '/addarticle' route [] {"uid":"43976b4"}
[2018-02-19 13:31:03] slim-app.INFO: Slim-Skeleton '/addarticle' route [] {"uid":"f7c1a9f"}
[2018-02-19 13:37:16] slim-app.INFO: Slim-Skeleton '/' route [] {"uid":"af1718d"}
[2018-02-19 13:37:33] slim-app.INFO: Slim-Skeleton '/login' route [] {"uid":"904139e"}
[2018-02-19 13:37:44] slim-app.INFO: Slim-Skeleton '/addarticle' route [] {"uid":"749b554"}
[2018-02-19 13:38:51] slim-app.INFO: Slim-Skeleton '/' route [] {"uid":"6dbba23"}
[2018-02-19 13:39:03] slim-app.INFO: Slim-Skeleton '/login' route [] {"uid":"dbbc564"}
[2018-02-19 13:39:10] slim-app.INFO: Slim-Skeleton '/addarticle' route [] {"uid":"a99ce73"}
[2018-02-19 13:43:42] slim-app.INFO: Slim-Skeleton '/' route [] {"uid":"b1c0904"}
[2018-02-19 13:43:44] slim-app.INFO: Slim-Skeleton '/' route [] {"uid":"20c8f7b"}
[2018-02-19 13:43:44] slim-app.INFO: Slim-Skeleton '/' route [] {"uid":"c786bd4"}
[2018-02-19 13:43:56] slim-app.INFO: Slim-Skeleton '/login' route [] {"uid":"41a5c3e"}
[2018-02-19 13:44:07] slim-app.INFO: Slim-Skeleton '/addarticle' route [] {"uid":"041f5ed"}
[2018-02-19 13:45:53] slim-app.INFO: Slim-Skeleton '/addarticle' route [] {"uid":"c0bd15b"}
[2018-02-19 13:46:15] slim-app.INFO: Slim-Skeleton '/addarticle' route [] {"uid":"71f2092"}
[2018-02-19 13:47:26] slim-app.INFO: Slim-Skeleton '/' route [] {"uid":"3097905"}
[2018-02-19 13:47:40] slim-app.INFO: Slim-Skeleton '/login' route [] {"uid":"eb0d3be"}
[2018-02-19 13:48:04] slim-app.INFO: Slim-Skeleton '/addarticle' route [] {"uid":"0c99de4"}
[2018-02-19 13:50:36] slim-app.INFO: Slim-Skeleton '/' route [] {"uid":"77d03ca"}
[2018-02-19 13:50:47] slim-app.INFO: Slim-Skeleton '/login' route [] {"uid":"ca30606"}
[2018-02-19 13:50:58] slim-app.INFO: Slim-Skeleton '/addarticle' route [] {"uid":"4185203"}
[2018-02-19 13:51:50] slim-app.INFO: Slim-Skeleton '/' route [] {"uid":"dd3cda7"}
[2018-02-19 13:52:04] slim-app.INFO: Slim-Skeleton '/login' route [] {"uid":"d41873c"}
[2018-02-19 13:52:11] slim-app.INFO: Slim-Skeleton '/addarticle' route [] {"uid":"141f980"}
[2018-02-19 13:54:22] slim-app.INFO: Slim-Skeleton '/' route [] {"uid":"f2e8ffa"}
[2018-02-19 14:08:04] slim-app.INFO: Slim-Skeleton '/' route [] {"uid":"2958bb4"}
[2018-02-19 15:07:12] slim-app.INFO: Slim-Skeleton '/' route [] {"uid":"41e9f02"}
[2018-02-19 15:07:28] slim-app.INFO: Slim-Skeleton '/login' route [] {"uid":"22b2f4b"}
[2018-02-19 15:09:04] slim-app.INFO: Slim-Skeleton '/' route [] {"uid":"dc85cae"}
[2018-02-19 15:09:15] slim-app.INFO: Slim-Skeleton '/login' route [] {"uid":"8e3d010"}
[2018-02-19 15:17:17] slim-app.INFO: Slim-Skeleton '/' route [] {"uid":"2f500b1"}
[2018-02-19 15:17:30] slim-app.INFO: Slim-Skeleton '/login' route [] {"uid":"1ed8039"}
[2018-02-19 15:17:36] slim-app.INFO: Slim-Skeleton '/addarticle' route [] {"uid":"c7f53c4"}
[2018-02-19 15:19:12] slim-app.INFO: Slim-Skeleton '/' route [] {"uid":"731886e"}
[2018-02-19 15:19:21] slim-app.INFO: Slim-Skeleton '/login' route [] {"uid":"4d9e899"}
[2018-02-19 15:19:25] slim-app.INFO: Slim-Skeleton '/addarticle' route [] {"uid":"b1c37aa"}
[2018-02-19 15:20:03] slim-app.INFO: Slim-Skeleton '/' route [] {"uid":"7961ecb"}
[2018-02-19 15:20:36] slim-app.INFO: Slim-Skeleton '/login' route [] {"uid":"78d99be"}
[2018-02-19 15:20:40] slim-app.INFO: Slim-Skeleton '/addarticle' route [] {"uid":"da35625"}
[2018-02-19 15:26:59] slim-app.INFO: Slim-Skeleton '/' route [] {"uid":"3ac2ff8"}
[2018-02-19 15:29:21] slim-app.INFO: Slim-Skeleton '/' route [] {"uid":"6d5cdc3"}
[2018-02-19 15:29:33] slim-app.INFO: Slim-Skeleton '/login' route [] {"uid":"90fb17a"}
[2018-02-19 15:29:38] slim-app.INFO: Slim-Skeleton '/addarticle' route [] {"uid":"f40fe4c"}
[2018-02-19 15:37:49] slim-app.INFO: Slim-Skeleton '/' route [] {"uid":"c551388"}
[2018-02-19 15:37:59] slim-app.INFO: Slim-Skeleton '/' route [] {"uid":"d0d51ba"}
[2018-02-19 15:48:09] slim-app.INFO: Slim-Skeleton '/' route [] {"uid":"4a492ae"}
[2018-02-19 15:48:21] slim-app.INFO: Slim-Skeleton '/login' route [] {"uid":"b46fd45"}
[2018-02-19 15:48:56] slim-app.INFO: Slim-Skeleton '/' route [] {"uid":"0eb7631"}
[2018-02-19 15:49:06] slim-app.INFO: Slim-Skeleton '/login' route [] {"uid":"93702ce"}
[2018-02-19 15:49:25] slim-app.INFO: Slim-Skeleton '/' route [] {"uid":"9288de0"}
[2018-02-19 15:51:48] slim-app.INFO: Slim-Skeleton '/' route [] {"uid":"822de2a"}
[2018-02-19 15:51:49] slim-app.INFO: Slim-Skeleton '/' route [] {"uid":"6652659"}
[2018-02-19 15:51:58] slim-app.INFO: Slim-Skeleton '/login' route [] {"uid":"e6e7bb8"}
[2018-02-19 15:52:17] slim-app.INFO: Slim-Skeleton '/' route [] {"uid":"a8bb528"}
[2018-02-19 15:52:27] slim-app.INFO: Slim-Skeleton '/login' route [] {"uid":"3bba4e2"}
[2018-02-19 15:52:42] slim-app.INFO: Slim-Skeleton '/' route [] {"uid":"eb51685"}
[2018-02-19 15:59:38] slim-app.INFO: Slim-Skeleton '/' route [] {"uid":"5c6fa92"}
[2018-02-19 15:59:49] slim-app.INFO: Slim-Skeleton '/login' route [] {"uid":"cd07cf4"}
[2018-02-19 15:59:53] slim-app.INFO: Slim-Skeleton '/' route [] {"uid":"1639ee4"}
[2018-02-19 16:00:02] slim-app.INFO: Slim-Skeleton '/login' route [] {"uid":"6dfc299"}
[2018-02-19 16:00:08] slim-app.INFO: Slim-Skeleton '/' route [] {"uid":"1b8b891"}
[2018-02-19 16:04:01] slim-app.INFO: Slim-Skeleton '/' route [] {"uid":"50294a1"}
[2018-02-19 16:04:16] slim-app.INFO: Slim-Skeleton '/login' route [] {"uid":"e8c4e98"}
[2018-02-19 16:04:22] slim-app.INFO: Slim-Skeleton '/addarticle' route [] {"uid":"a1e586a"}
[2018-02-19 16:04:29] slim-app.INFO: Slim-Skeleton '/addarticle' route [] {"uid":"a6e2d70"}
[2018-02-19 16:13:29] slim-app.INFO: Slim-Skeleton '/' route [] {"uid":"a59468f"}
[2018-02-19 16:13:49] slim-app.INFO: Slim-Skeleton '/login' route [] {"uid":"e414803"}
[2018-02-19 16:13:58] slim-app.INFO: Slim-Skeleton '/' route [] {"uid":"984b10f"}
[2018-02-19 16:14:48] slim-app.INFO: Slim-Skeleton '/' route [] {"uid":"36aef54"}
[2018-02-19 16:14:58] slim-app.INFO: Slim-Skeleton '/login' route [] {"uid":"df34f05"}
[2018-02-19 16:15:05] slim-app.INFO: Slim-Skeleton '/addarticle' route [] {"uid":"f578c21"}
[2018-02-19 16:15:08] slim-app.INFO: Slim-Skeleton '/' route [] {"uid":"b4ca049"}
[2018-02-19 16:21:45] slim-app.INFO: Slim-Skeleton '/' route [] {"uid":"582e58a"}
[2018-02-19 16:21:47] slim-app.INFO: Slim-Skeleton '/' route [] {"uid":"670a5ea"}
[2018-02-19 16:21:54] slim-app.INFO: Slim-Skeleton '/' route [] {"uid":"a8d6fc3"}
[2018-02-19 16:22:02] slim-app.INFO: Slim-Skeleton '/' route [] {"uid":"77b10a8"}
[2018-02-19 16:22:34] slim-app.INFO: Slim-Skeleton '/' route [] {"uid":"0852213"}
[2018-02-19 16:22:38] slim-app.INFO: Slim-Skeleton '/' route [] {"uid":"6443812"}
[2018-02-19 16:31:00] slim-app.INFO: Slim-Skeleton '/' route [] {"uid":"e7eb02d"}
[2018-02-19 16:31:06] slim-app.INFO: Slim-Skeleton '/' route [] {"uid":"e56c3cc"}
[2018-02-19 16:32:18] slim-app.INFO: Slim-Skeleton '/' route [] {"uid":"5bb6756"}
[2018-02-19 16:32:18] slim-app.INFO: Slim-Skeleton '/' route [] {"uid":"af0b2fa"}
[2018-02-19 16:32:21] slim-app.INFO: Slim-Skeleton '/' route [] {"uid":"fc74902"}
[2018-02-19 16:32:29] slim-app.INFO: Slim-Skeleton '/' route [] {"uid":"b0931d1"}
[2018-02-19 16:32:45] slim-app.INFO: Slim-Skeleton '/login' route [] {"uid":"1cc82cd"}
[2018-02-19 16:32:56] slim-app.INFO: Slim-Skeleton '/' route [] {"uid":"7b47c17"}
[2018-02-19 16:33:07] slim-app.INFO: Slim-Skeleton '/' route [] {"uid":"5b01777"}
[2018-02-19 16:33:11] slim-app.INFO: Slim-Skeleton '/' route [] {"uid":"cafeb2f"}
[2018-02-20 13:07:33] slim-app.INFO: Slim-Skeleton '/' route [] {"uid":"730f73d"}
[2018-02-20 13:07:45] slim-app.INFO: Slim-Skeleton '/' route [] {"uid":"ef6ecbe"}
[2018-02-20 13:22:23] slim-app.INFO: Slim-Skeleton '/' route [] {"uid":"3b46fbb"}
[2018-02-20 13:22:24] slim-app.INFO: Slim-Skeleton '/' route [] {"uid":"cd52418"}
[2018-02-20 13:22:52] slim-app.INFO: Slim-Skeleton '/' route [] {"uid":"3a21559"}
[2018-02-20 13:23:26] slim-app.INFO: Slim-Skeleton '/' route [] {"uid":"813adb8"}
[2018-02-20 13:23:31] slim-app.INFO: Slim-Skeleton '/editblog' route [] {"uid":"94a1165"}
[2018-02-20 13:23:34] slim-app.INFO: Slim-Skeleton '/' route [] {"uid":"a9c018b"}
[2018-02-20 13:23:36] slim-app.INFO: Slim-Skeleton '/editblog' route [] {"uid":"1c2d5b6"}
[2018-02-20 13:23:38] slim-app.INFO: Slim-Skeleton '/' route [] {"uid":"8fba957"}
[2018-02-20 13:24:44] slim-app.INFO: Slim-Skeleton '/' route [] {"uid":"1767a91"}
[2018-02-20 13:24:48] slim-app.INFO: Slim-Skeleton '/' route [] {"uid":"678e872"}
[2018-02-20 13:25:01] slim-app.INFO: Slim-Skeleton '/' route [] {"uid":"753e94c"}
[2018-02-20 13:25:15] slim-app.INFO: Slim-Skeleton '/' route [] {"uid":"c50b105"}
[2018-02-20 13:26:22] slim-app.INFO: Slim-Skeleton '/' route [] {"uid":"ac1e40a"}
[2018-02-20 13:26:25] slim-app.INFO: Slim-Skeleton '/' route [] {"uid":"27df99a"}
[2018-02-20 13:26:33] slim-app.INFO: Slim-Skeleton '/' route [] {"uid":"c10c51a"}
[2018-02-20 13:28:03] slim-app.INFO: Slim-Skeleton '/' route [] {"uid":"b5969c7"}
[2018-02-20 13:28:08] slim-app.INFO: Slim-Skeleton '/' route [] {"uid":"606dc2f"}
[2018-02-20 13:29:04] slim-app.INFO: Slim-Skeleton '/' route [] {"uid":"5216b08"}
[2018-02-20 13:29:08] slim-app.INFO: Slim-Skeleton '/' route [] {"uid":"b92e131"}
[2018-02-20 13:30:24] slim-app.INFO: Slim-Skeleton '/' route [] {"uid":"902a618"}
[2018-02-20 13:35:02] slim-app.INFO: Slim-Skeleton '/' route [] {"uid":"12dbbd4"}
[2018-02-20 13:35:13] slim-app.INFO: Slim-Skeleton '/login' route [] {"uid":"c6aa855"}
[2018-02-20 13:42:30] slim-app.INFO: Slim-Skeleton '/' route [] {"uid":"a1172d7"}
[2018-02-20 13:42:52] slim-app.INFO: Slim-Skeleton '/login' route [] {"uid":"554073d"}
[2018-02-20 13:44:09] slim-app.INFO: Slim-Skeleton '/addarticle' route [] {"uid":"881b1ce"}
[2018-02-20 13:45:27] slim-app.INFO: Slim-Skeleton '/addarticle' route [] {"uid":"582923f"}
[2018-02-20 13:47:19] slim-app.INFO: Slim-Skeleton '/addarticle' route [] {"uid":"6afd101"}
[2018-02-20 13:48:29] slim-app.INFO: Slim-Skeleton '/addarticle' route [] {"uid":"905d88f"}
[2018-02-20 13:50:12] slim-app.INFO: Slim-Skeleton '/addarticle' route [] {"uid":"339ad6f"}
[2018-02-20 13:58:49] slim-app.INFO: Slim-Skeleton '/' route [] {"uid":"01c7598"}
[2018-02-20 13:58:51] slim-app.INFO: Slim-Skeleton '/' route [] {"uid":"1979482"}
[2018-02-20 13:59:01] slim-app.INFO: Slim-Skeleton '/login' route [] {"uid":"276c11e"}
[2018-02-20 13:59:18] slim-app.INFO: Slim-Skeleton '/addarticle' route [] {"uid":"c57f514"}
[2018-02-20 14:01:52] slim-app.INFO: Slim-Skeleton '/login' route [] {"uid":"9542ebb"}
[2018-02-20 14:02:30] slim-app.INFO: Slim-Skeleton '/' route [] {"uid":"1e41e69"}
[2018-02-20 14:02:32] slim-app.INFO: Slim-Skeleton '/' route [] {"uid":"6647e8d"}
[2018-02-20 14:02:43] slim-app.INFO: Slim-Skeleton '/login' route [] {"uid":"b0c3cb6"}
[2018-02-20 14:03:06] slim-app.INFO: Slim-Skeleton '/addarticle' route [] {"uid":"9578052"}
[2018-02-20 14:04:06] slim-app.INFO: Slim-Skeleton '/' route [] {"uid":"873e7d9"}
[2018-02-20 14:05:17] slim-app.INFO: Slim-Skeleton '/' route [] {"uid":"001e7ab"}
[2018-02-20 14:05:28] slim-app.INFO: Slim-Skeleton '/login' route [] {"uid":"ad7b07d"}
[2018-02-20 14:12:35] slim-app.INFO: Slim-Skeleton '/' route [] {"uid":"50bbdb3"}
[2018-02-20 14:12:48] slim-app.INFO: Slim-Skeleton '/login' route [] {"uid":"c9bcb4a"}
[2018-02-20 14:14:00] slim-app.INFO: Slim-Skeleton '/login' route [] {"uid":"4b50244"}
[2018-02-20 14:16:47] slim-app.INFO: Slim-Skeleton '/login' route [] {"uid":"165d6f3"}
[2018-02-20 14:18:53] slim-app.INFO: Slim-Skeleton '/addarticle' route [] {"uid":"f87c9ee"}
[2018-02-20 16:19:47] slim-app.INFO: Slim-Skeleton '/' route [] {"uid":"7ec2887"}
[2018-02-20 16:20:00] slim-app.INFO: Slim-Skeleton '/login' route [] {"uid":"be9de34"}
[2018-02-20 16:24:05] slim-app.INFO: Slim-Skeleton '/' route [] {"uid":"4b47744"}
[2018-02-20 16:24:17] slim-app.INFO: Slim-Skeleton '/login' route [] {"uid":"a63748e"}
[2018-02-20 16:24:48] slim-app.INFO: Slim-Skeleton '/login' route [] {"uid":"5b36390"}
[2018-02-20 16:24:56] slim-app.INFO: Slim-Skeleton '/' route [] {"uid":"0d3ed7d"}
[2018-02-20 16:25:05] slim-app.INFO: Slim-Skeleton '/login' route [] {"uid":"7eefc7d"}
[2018-02-20 16:25:09] slim-app.INFO: Slim-Skeleton '/' route [] {"uid":"080c782"}
[2018-02-20 16:25:17] slim-app.INFO: Slim-Skeleton '/' route [] {"uid":"a080ff4"}
[2018-02-20 16:25:30] slim-app.INFO: Slim-Skeleton '/login' route [] {"uid":"c12ff6b"}
[2018-02-20 16:25:33] slim-app.INFO: Slim-Skeleton '/' route [] {"uid":"d26956b"}
[2018-02-20 16:25:37] slim-app.INFO: Slim-Skeleton '/editblog' route [] {"uid":"b45bb08"}
[2018-02-20 16:27:05] slim-app.INFO: Slim-Skeleton '/' route [] {"uid":"b8b7586"}
[2018-02-20 16:27:11] slim-app.INFO: Slim-Skeleton '/' route [] {"uid":"c60c7a0"}
[2018-02-20 16:27:15] slim-app.INFO: Slim-Skeleton '/editblog' route [] {"uid":"965a20b"}
[2018-02-20 16:29:37] slim-app.INFO: Slim-Skeleton '/editblog' route [] {"uid":"3d813f6"}
[2018-02-20 16:30:06] slim-app.INFO: Slim-Skeleton '/editblog' route [] {"uid":"6d711fe"}
[2018-02-20 16:32:07] slim-app.INFO: Slim-Skeleton '/editblog' route [] {"uid":"9587458"}
[2018-02-20 16:32:35] slim-app.INFO: Slim-Skeleton '/editblog' route [] {"uid":"a9418ef"}
[2018-02-20 16:33:04] slim-app.INFO: Slim-Skeleton '/editblog' route [] {"uid":"2afd36d"}
[2018-02-20 19:26:55] slim-app.INFO: Slim-Skeleton '/' route [] {"uid":"431dc58"}
[2018-02-20 19:27:00] slim-app.INFO: Slim-Skeleton '/login' route [] {"uid":"569f3cd"}
[2018-02-20 19:27:02] slim-app.INFO: Slim-Skeleton '/' route [] {"uid":"0220498"}
[2018-02-20 19:27:16] slim-app.INFO: Slim-Skeleton '/login' route [] {"uid":"11b2643"}
[2018-02-20 19:27:23] slim-app.INFO: Slim-Skeleton '/updatearticle' route [] {"uid":"daa64a0"}
[2018-02-20 19:30:03] slim-app.INFO: Slim-Skeleton '/' route [] {"uid":"4bb0791"}
[2018-02-20 19:30:18] slim-app.INFO: Slim-Skeleton '/login' route [] {"uid":"6cef8c0"}
[2018-02-20 19:30:23] slim-app.INFO: Slim-Skeleton '/updatearticle' route [] {"uid":"ebc8ff9"}
[2018-02-20 19:30:49] slim-app.INFO: Slim-Skeleton '/' route [] {"uid":"a657ded"}
[2018-02-20 19:31:33] slim-app.INFO: Slim-Skeleton '/updatearticle' route [] {"uid":"bfbcbe5"}
[2018-02-20 19:33:28] slim-app.INFO: Slim-Skeleton '/addarticle' route [] {"uid":"5943a39"}
[2018-02-20 19:34:05] slim-app.INFO: Slim-Skeleton '/updatearticle' route [] {"uid":"5f30207"}
[2018-02-20 19:34:10] slim-app.INFO: Slim-Skeleton '/updatearticle' route [] {"uid":"14d420f"}
[2018-02-20 19:36:36] slim-app.INFO: Slim-Skeleton '/updatearticle' route [] {"uid":"f0d2c01"}
[2018-02-20 19:36:49] slim-app.INFO: Slim-Skeleton '/' route [] {"uid":"6034db5"}
[2018-02-21 12:38:43] slim-app.INFO: Slim-Skeleton '/' route [] {"uid":"f8119b7"}
[2018-02-21 12:38:46] slim-app.INFO: Slim-Skeleton '/editblog' route [] {"uid":"b954674"}
[2018-02-21 12:38:52] slim-app.INFO: Slim-Skeleton '/' route [] {"uid":"d339e77"}
[2018-02-21 12:38:53] slim-app.INFO: Slim-Skeleton '/editblog' route [] {"uid":"795031e"}
[2018-02-21 12:38:56] slim-app.INFO: Slim-Skeleton '/' route [] {"uid":"6cdfbdb"}
[2018-02-21 12:39:14] slim-app.INFO: Slim-Skeleton '/login' route [] {"uid":"f2f3be0"}
[2018-02-21 12:39:19] slim-app.INFO: Slim-Skeleton '/updatearticle' route [] {"uid":"0fe3485"}
[2018-02-21 12:39:38] slim-app.INFO: Slim-Skeleton '/' route [] {"uid":"82d3057"}
[2018-02-21 12:43:04] slim-app.INFO: Slim-Skeleton '/updatearticle' route [] {"uid":"45ec926"}
[2018-02-21 12:50:02] slim-app.INFO: Slim-Skeleton '/' route [] {"uid":"5173b04"}
[2018-02-21 12:50:04] slim-app.INFO: Slim-Skeleton '/' route [] {"uid":"867ca16"}
[2018-02-21 12:50:17] slim-app.INFO: Slim-Skeleton '/login' route [] {"uid":"4d2dfc7"}
[2018-02-21 12:50:21] slim-app.INFO: Slim-Skeleton '/updatearticle' route [] {"uid":"2213c7c"}
[2018-02-21 12:50:43] slim-app.INFO: Slim-Skeleton '/updatearticle' route [] {"uid":"12e6c99"}
[2018-02-21 12:58:08] slim-app.INFO: Slim-Skeleton '/' route [] {"uid":"fcb512b"}
[2018-02-21 12:58:09] slim-app.INFO: Slim-Skeleton '/' route [] {"uid":"1fbb71a"}
[2018-02-21 12:58:30] slim-app.INFO: Slim-Skeleton '/login' route [] {"uid":"30bb9c4"}
[2018-02-21 12:58:36] slim-app.INFO: Slim-Skeleton '/updatearticle' route [] {"uid":"58431b4"}
[2018-02-21 13:02:18] slim-app.INFO: Slim-Skeleton '/' route [] {"uid":"7a58ce0"}
[2018-02-21 13:02:20] slim-app.INFO: Slim-Skeleton '/' route [] {"uid":"637b73f"}
[2018-02-21 13:03:07] slim-app.INFO: Slim-Skeleton '/' route [] {"uid":"11b06d5"}
[2018-02-21 13:03:16] slim-app.INFO: Slim-Skeleton '/login' route [] {"uid":"fa5626f"}
[2018-02-21 13:03:20] slim-app.INFO: Slim-Skeleton '/updatearticle' route [] {"uid":"f7e8273"}
[2018-02-21 13:05:21] slim-app.INFO: Slim-Skeleton '/login' route [] {"uid":"9a94408"}
[2018-02-21 13:05:23] slim-app.INFO: Slim-Skeleton '/updatearticle' route [] {"uid":"adbf647"}
[2018-02-21 13:05:32] slim-app.INFO: Slim-Skeleton '/login' route [] {"uid":"7852e16"}
[2018-02-21 13:08:43] slim-app.INFO: Slim-Skeleton '/login' route [] {"uid":"4b8aa57"}
[2018-02-21 13:08:45] slim-app.INFO: Slim-Skeleton '/updatearticle' route [] {"uid":"6701c8d"}
[2018-02-21 13:14:27] slim-app.INFO: Slim-Skeleton '/login' route [] {"uid":"c47cc33"}
[2018-02-21 13:14:49] slim-app.INFO: Slim-Skeleton '/addarticle' route [] {"uid":"0a2aa4c"}
[2018-02-21 13:15:05] slim-app.INFO: Slim-Skeleton '/updatearticle' route [] {"uid":"ed32caa"}
[2018-02-21 13:18:13] slim-app.INFO: Slim-Skeleton '/' route [] {"uid":"dfe50c7"}
[2018-02-21 13:18:31] slim-app.INFO: Slim-Skeleton '/login' route [] {"uid":"fb5f821"}
[2018-02-21 13:22:59] slim-app.INFO: Slim-Skeleton '/' route [] {"uid":"27b28d9"}
[2018-02-21 13:23:11] slim-app.INFO: Slim-Skeleton '/login' route [] {"uid":"c0cd682"}
[2018-02-21 13:30:40] slim-app.INFO: Slim-Skeleton '/' route [] {"uid":"1aa6f87"}
[2018-02-21 13:30:56] slim-app.INFO: Slim-Skeleton '/login' route [] {"uid":"2569147"}
[2018-02-21 14:14:47] slim-app.INFO: Slim-Skeleton '/' route [] {"uid":"e78843f"}
[2018-02-21 14:14:49] slim-app.INFO: Slim-Skeleton '/' route [] {"uid":"5732225"}
[2018-02-21 14:15:00] slim-app.INFO: Slim-Skeleton '/login' route [] {"uid":"0e80c74"}
[2018-02-21 14:16:57] slim-app.INFO: Slim-Skeleton '/login' route [] {"uid":"830aa0f"}
[2018-02-21 14:17:26] slim-app.INFO: Slim-Skeleton '/updatearticle' route [] {"uid":"25260e9"}
[2018-02-21 14:18:25] slim-app.INFO: Slim-Skeleton '/login' route [] {"uid":"b58561b"}
[2018-02-21 14:23:46] slim-app.INFO: Slim-Skeleton '/' route [] {"uid":"9bed38c"}
[2018-02-21 14:23:57] slim-app.INFO: Slim-Skeleton '/login' route [] {"uid":"d46f2d5"}
[2018-02-21 14:25:25] slim-app.INFO: Slim-Skeleton '/addarticle' route [] {"uid":"3ff0d65"}
[2018-02-21 14:25:41] slim-app.INFO: Slim-Skeleton '/updatearticle' route [] {"uid":"850c413"}
[2018-02-21 14:39:56] slim-app.INFO: Slim-Skeleton '/updatearticle' route [] {"uid":"1d1f297"}
[2018-02-21 14:40:48] slim-app.INFO: Slim-Skeleton '/' route [] {"uid":"75b89f8"}
[2018-02-21 14:45:33] slim-app.INFO: Slim-Skeleton '/' route [] {"uid":"461b0c2"}
[2018-02-21 14:45:35] slim-app.INFO: Slim-Skeleton '/' route [] {"uid":"99cc948"}
[2018-02-21 14:45:36] slim-app.INFO: Slim-Skeleton '/inscription' route [] {"uid":"727b1c7"}
[2018-02-21 14:46:29] slim-app.INFO: Slim-Skeleton '/inscription' route [] {"uid":"18036f4"}
[2018-02-21 14:46:29] slim-app.INFO: Slim-Skeleton '/' route [] {"uid":"8e6ac7d"}
[2018-02-21 14:47:01] slim-app.INFO: Slim-Skeleton '/login' route [] {"uid":"9b9e6d1"}
[2018-02-21 14:48:13] slim-app.INFO: Slim-Skeleton '/addarticle' route [] {"uid":"97b93d8"}
[2018-02-21 14:49:02] slim-app.INFO: Slim-Skeleton '/' route [] {"uid":"52984db"}
[2018-02-21 14:50:06] slim-app.INFO: Slim-Skeleton '/editblog' route [] {"uid":"d11d275"}
[2018-02-21 14:50:17] slim-app.INFO: Slim-Skeleton '/' route [] {"uid":"fee1616"}
[2018-02-21 15:18:49] slim-app.INFO: Slim-Skeleton '/' route [] {"uid":"037534c"}
[2018-02-21 15:19:10] slim-app.INFO: Slim-Skeleton '/login' route [] {"uid":"5194820"}
[2018-02-21 15:19:16] slim-app.INFO: Slim-Skeleton '/updatearticle' route [] {"uid":"26c663b"}
[2018-02-21 15:19:24] slim-app.INFO: Slim-Skeleton '/login' route [] {"uid":"fb59e7e"}
[2018-02-21 15:30:17] slim-app.INFO: Slim-Skeleton '/' route [] {"uid":"d61f0f8"}
[2018-02-21 15:30:45] slim-app.INFO: Slim-Skeleton '/login' route [] {"uid":"dd91ecc"}
[2018-02-21 15:31:04] slim-app.INFO: Slim-Skeleton '/updatearticle' route [] {"uid":"a830ce2"}
[2018-02-21 15:31:57] slim-app.INFO: Slim-Skeleton '/updatearticle' route [] {"uid":"2dba0fc"}
[2018-02-21 15:37:04] slim-app.INFO: Slim-Skeleton '/updatearticle' route [] {"uid":"a39c3f9"}
[2018-02-21 15:39:52] slim-app.INFO: Slim-Skeleton '/updatearticle' route [] {"uid":"1749f4a"}
[2018-02-21 15:39:56] slim-app.INFO: Slim-Skeleton '/login' route [] {"uid":"89a1bdb"}
[2018-02-21 15:40:02] slim-app.INFO: Slim-Skeleton '/updatearticle' route [] {"uid":"85a9564"}
[2018-02-21 15:41:00] slim-app.INFO: Slim-Skeleton '/updatearticle' route [] {"uid":"73436d1"}
[2018-02-21 15:41:48] slim-app.INFO: Slim-Skeleton '/updatearticle' route [] {"uid":"9f7c9ff"}
[2018-02-21 15:42:38] slim-app.INFO: Slim-Skeleton '/updatearticle' route [] {"uid":"91db6ba"}
[2018-02-21 15:46:39] slim-app.INFO: Slim-Skeleton '/updatearticle' route [] {"uid":"f57aecf"}
[2018-02-21 15:47:20] slim-app.INFO: Slim-Skeleton '/updatearticle' route [] {"uid":"da5b833"}
[2018-02-21 15:49:26] slim-app.INFO: Slim-Skeleton '/updatearticle' route [] {"uid":"891f5de"}
[2018-02-21 15:49:31] slim-app.INFO: Slim-Skeleton '/updatearticle' route [] {"uid":"53f4b4b"}
[2018-02-21 15:50:36] slim-app.INFO: Slim-Skeleton '/updatearticle' route [] {"uid":"4279c0d"}
[2018-02-21 15:51:57] slim-app.INFO: Slim-Skeleton '/updatearticle' route [] {"uid":"2cd9f4b"}
[2018-02-21 15:52:18] slim-app.INFO: Slim-Skeleton '/updatearticle' route [] {"uid":"88c1dfb"}
[2018-02-21 15:53:19] slim-app.INFO: Slim-Skeleton '/updatearticle' route [] {"uid":"7c7f03b"}
[2018-02-21 15:53:34] slim-app.INFO: Slim-Skeleton '/' route [] {"uid":"7ef1764"}
[2018-02-21 15:53:42] slim-app.INFO: Slim-Skeleton '/' route [] {"uid":"f6fb565"}
[2018-02-21 15:53:48] slim-app.INFO: Slim-Skeleton '/editblog' route [] {"uid":"962b747"}
[2018-02-21 16:03:19] slim-app.INFO: Slim-Skeleton '/' route [] {"uid":"600e5a1"}
[2018-02-21 16:03:33] slim-app.INFO: Slim-Skeleton '/login' route [] {"uid":"65cfc50"}
[2018-02-21 16:03:38] slim-app.INFO: Slim-Skeleton '/updatearticle' route [] {"uid":"404a9b4"}
[2018-02-21 16:03:47] slim-app.INFO: Slim-Skeleton '/updatearticle' route [] {"uid":"e74e019"}
[2018-02-21 16:07:03] slim-app.INFO: Slim-Skeleton '/updatearticle' route [] {"uid":"52d464a"}
[2018-02-21 16:07:09] slim-app.INFO: Slim-Skeleton '/updatearticle' route [] {"uid":"87e7f76"}
[2018-02-21 16:26:01] slim-app.INFO: Slim-Skeleton '/' route [] {"uid":"e784237"}
[2018-02-21 18:22:41] slim-app.INFO: Slim-Skeleton '/' route [] {"uid":"8f5aeb3"}
[2018-02-21 18:23:01] slim-app.INFO: Slim-Skeleton '/login' route [] {"uid":"d87be62"}
[2018-02-21 19:38:12] slim-app.INFO: Slim-Skeleton '/login' route [] {"uid":"90970a5"}
[2018-02-21 19:39:46] slim-app.INFO: Slim-Skeleton '/login' route [] {"uid":"cb42765"}
[2018-02-21 19:40:42] slim-app.INFO: Slim-Skeleton '/' route [] {"uid":"22f4630"}
[2018-02-21 19:40:48] slim-app.INFO: Slim-Skeleton '/inscription' route [] {"uid":"1addbde"}
[2018-02-22 06:17:14] slim-app.INFO: Slim-Skeleton '/' route [] {"uid":"0976a09"}
[2018-02-22 06:17:30] slim-app.INFO: Slim-Skeleton '/login' route [] {"uid":"cd82b3a"}
[2018-02-22 06:17:53] slim-app.INFO: Slim-Skeleton '/login' route [] {"uid":"c383b8e"}
[2018-02-22 06:18:29] slim-app.INFO: Slim-Skeleton '/' route [] {"uid":"953dcce"}
[2018-02-22 06:18:32] slim-app.INFO: Slim-Skeleton '/editblog' route [] {"uid":"cfef997"}
[2018-02-22 06:33:20] slim-app.INFO: Slim-Skeleton '/editblog' route [] {"uid":"4bd679c"}
[2018-02-22 06:33:24] slim-app.INFO: Slim-Skeleton '/' route [] {"uid":"a92741a"}
[2018-02-22 06:33:25] slim-app.INFO: Slim-Skeleton '/inscription' route [] {"uid":"f42229e"}
[2018-02-22 06:34:32] slim-app.INFO: Slim-Skeleton '/inscription' route [] {"uid":"80fca06"}
[2018-02-22 06:35:07] slim-app.INFO: Slim-Skeleton '/' route [] {"uid":"e42fb83"}
[2018-02-22 06:36:31] slim-app.INFO: Slim-Skeleton '/' route [] {"uid":"23a5a52"}
[2018-02-22 06:36:32] slim-app.INFO: Slim-Skeleton '/inscription' route [] {"uid":"c22d0fd"}
[2018-02-22 06:38:06] slim-app.INFO: Slim-Skeleton '/inscription' route [] {"uid":"565a733"}
[2018-02-22 06:40:15] slim-app.INFO: Slim-Skeleton '/inscription' route [] {"uid":"31237f1"}
[2018-02-22 06:43:01] slim-app.INFO: Slim-Skeleton '/inscription' route [] {"uid":"27077bb"}
[2018-02-22 06:43:55] slim-app.INFO: Slim-Skeleton '/' route [] {"uid":"6494dcb"}
[2018-02-22 06:48:48] slim-app.INFO: Slim-Skeleton '/' route [] {"uid":"2277ab2"}
[2018-02-22 06:49:02] slim-app.INFO: Slim-Skeleton '/login' route [] {"uid":"c70003c"}
[2018-02-22 06:49:16] slim-app.INFO: Slim-Skeleton '/updatearticle' route [] {"uid":"e6bdb4b"}
[2018-02-22 06:50:11] slim-app.INFO: Slim-Skeleton '/updatearticle' route [] {"uid":"51be27f"}
[2018-02-22 06:50:36] slim-app.INFO: Slim-Skeleton '/deletearticle' route [] {"uid":"2a6d969"}
[2018-02-22 06:50:45] slim-app.INFO: Slim-Skeleton '/' route [] {"uid":"e358c44"}
[2018-02-22 06:50:48] slim-app.INFO: Slim-Skeleton '/editblog' route [] {"uid":"30a7a1c"}
[2018-02-22 06:50:54] slim-app.INFO: Slim-Skeleton '/' route [] {"uid":"d16b2f4"}
[2018-02-22 17:40:12] slim-app.INFO: Slim-Skeleton '/' route [] {"uid":"91505c9"}
[2018-02-22 17:40:38] slim-app.INFO: Slim-Skeleton '/inscription' route [] {"uid":"3f8f70d"}
[2018-02-22 17:42:28] slim-app.INFO: Slim-Skeleton '/inscription' route [] {"uid":"50fee89"}
[2018-02-22 17:48:20] slim-app.INFO: Slim-Skeleton '/inscription' route [] {"uid":"095d498"}
[2018-02-22 17:49:07] slim-app.INFO: Slim-Skeleton '/inscription' route [] {"uid":"24a10a8"}
[2018-02-22 17:52:12] slim-app.INFO: Slim-Skeleton '/inscription' route [] {"uid":"70a3a13"}
[2018-02-22 17:54:11] slim-app.INFO: Slim-Skeleton '/inscription' route [] {"uid":"abbad94"}
[2018-02-22 17:57:06] slim-app.INFO: Slim-Skeleton '/inscription' route [] {"uid":"c8a13e3"}
[2018-02-22 18:01:16] slim-app.INFO: Slim-Skeleton '/inscription' route [] {"uid":"5365850"}
[2018-02-22 18:03:43] slim-app.INFO: Slim-Skeleton '/inscription' route [] {"uid":"1c217d3"}
[2018-02-22 18:06:13] slim-app.INFO: Slim-Skeleton '/inscription' route [] {"uid":"9b0d13f"}
[2018-02-22 18:10:58] slim-app.INFO: Slim-Skeleton '/inscription' route [] {"uid":"a50d189"}
[2018-02-22 18:11:54] slim-app.INFO: Slim-Skeleton '/inscription' route [] {"uid":"92f438b"}
[2018-02-22 18:13:41] slim-app.INFO: Slim-Skeleton '/inscription' route [] {"uid":"0fb2b02"}
[2018-02-22 18:16:39] slim-app.INFO: Slim-Skeleton '/inscription' route [] {"uid":"60da6a1"}
[2018-02-22 18:40:57] slim-app.INFO: Slim-Skeleton '/' route [] {"uid":"d6bcb54"}
[2018-02-22 18:41:00] slim-app.INFO: Slim-Skeleton '/inscription' route [] {"uid":"70fbd77"}
[2018-02-22 18:41:49] slim-app.INFO: Slim-Skeleton '/inscription' route [] {"uid":"d1d3300"}
[2018-02-22 18:44:16] slim-app.INFO: Slim-Skeleton '/inscription' route [] {"uid":"cddbc9d"}
[2018-02-22 19:54:20] slim-app.INFO: Slim-Skeleton '/inscription' route [] {"uid":"43bb4f4"}
[2018-02-22 19:54:42] slim-app.INFO: Slim-Skeleton '/' route [] {"uid":"a58a387"}
[2018-02-22 19:55:01] slim-app.INFO: Slim-Skeleton '/login' route [] {"uid":"5466f4e"}
[2018-02-22 19:56:03] slim-app.INFO: Slim-Skeleton '/login' route [] {"uid":"7251ff7"}
[2018-02-22 20:12:44] slim-app.INFO: Slim-Skeleton '/login' route [] {"uid":"2e5d0e0"}
[2018-02-22 20:14:22] slim-app.INFO: Slim-Skeleton '/login' route [] {"uid":"743ca1a"}
[2018-02-22 20:15:55] slim-app.INFO: Slim-Skeleton '/login' route [] {"uid":"514985b"}
[2018-02-22 20:17:17] slim-app.INFO: Slim-Skeleton '/login' route [] {"uid":"f3124ed"}
[2018-02-22 20:19:01] slim-app.INFO: Slim-Skeleton '/login' route [] {"uid":"2f218c2"}
[2018-02-22 20:19:14] slim-app.INFO: Slim-Skeleton '/' route [] {"uid":"fe926b9"}
[2018-02-22 20:19:20] slim-app.INFO: Slim-Skeleton '/inscription' route [] {"uid":"6a33724"}
[2018-02-22 20:20:03] slim-app.INFO: Slim-Skeleton '/inscription' route [] {"uid":"1810116"}
[2018-02-22 20:20:03] slim-app.INFO: Slim-Skeleton '/' route [] {"uid":"50fc8c8"}
[2018-02-22 20:20:17] slim-app.INFO: Slim-Skeleton '/login' route [] {"uid":"8433c32"}
[2018-02-22 20:22:55] slim-app.INFO: Slim-Skeleton '/login' route [] {"uid":"5cfd7b6"}
[2018-02-26 15:06:52] slim-app.INFO: Slim-Skeleton '/' route [] {"uid":"07499cd"}
[2018-02-26 15:07:10] slim-app.INFO: Slim-Skeleton '/login' route [] {"uid":"38d296e"}
[2018-02-26 15:08:02] slim-app.INFO: Slim-Skeleton '/addarticle' route [] {"uid":"11d01b5"}
[2018-02-26 15:08:15] slim-app.INFO: Slim-Skeleton '/' route [] {"uid":"6287ed7"}
[2018-02-26 15:08:59] slim-app.INFO: Slim-Skeleton '/' route [] {"uid":"f4b3012"}
[2018-02-26 15:55:28] slim-app.INFO: Slim-Skeleton '/' route [] {"uid":"20a6869"}
[2018-02-26 15:56:03] slim-app.INFO: Slim-Skeleton '/login' route [] {"uid":"6cfe529"}
[2018-02-26 15:56:16] slim-app.INFO: Slim-Skeleton '/addarticle' route [] {"uid":"25a1ce7"}
[2018-02-26 15:57:36] slim-app.INFO: Slim-Skeleton '/login' route [] {"uid":"c6d89d1"}
[2018-02-26 15:57:42] slim-app.INFO: Slim-Skeleton '/addarticle' route [] {"uid":"812dc85"}
[2018-02-26 15:57:52] slim-app.INFO: Slim-Skeleton '/' route [] {"uid":"41bcb94"}
[2018-02-26 16:00:18] slim-app.INFO: Slim-Skeleton '/addarticle' route [] {"uid":"bd29cea"}
[2018-02-26 16:00:55] slim-app.INFO: Slim-Skeleton '/addarticle' route [] {"uid":"1849b08"}
[2018-02-26 16:01:04] slim-app.INFO: Slim-Skeleton '/addarticle' route [] {"uid":"059d20f"}
[2018-02-26 16:05:12] slim-app.INFO: Slim-Skeleton '/addarticle' route [] {"uid":"8331ba0"}
[2018-02-26 16:07:30] slim-app.INFO: Slim-Skeleton '/addarticle' route [] {"uid":"7cd94fa"}
[2018-02-26 16:10:07] slim-app.INFO: Slim-Skeleton '/addarticle' route [] {"uid":"facfc3c"}
[2018-02-26 16:12:31] slim-app.INFO: Slim-Skeleton '/addarticle' route [] {"uid":"9e14920"}
[2018-02-26 16:14:00] slim-app.INFO: Slim-Skeleton '/addarticle' route [] {"uid":"1f4d4eb"}
[2018-02-26 16:14:14] slim-app.INFO: Slim-Skeleton '/' route [] {"uid":"27cd6ee"}
[2018-02-26 16:14:16] slim-app.INFO: Slim-Skeleton '/editblog' route [] {"uid":"a32cabd"}
[2018-02-26 16:14:18] slim-app.INFO: Slim-Skeleton '/' route [] {"uid":"ac24159"}
[2018-02-26 16:14:20] slim-app.INFO: Slim-Skeleton '/editblog' route [] {"uid":"1d5a5c3"}
[2018-02-26 16:14:24] slim-app.INFO: Slim-Skeleton '/' route [] {"uid":"76b83f9"}
[2018-02-26 16:18:06] slim-app.INFO: Slim-Skeleton '/login' route [] {"uid":"64e3f65"}
[2018-02-26 16:18:46] slim-app.INFO: Slim-Skeleton '/addarticle' route [] {"uid":"93cb4c7"}
[2018-02-26 16:22:14] slim-app.INFO: Slim-Skeleton '/login' route [] {"uid":"f3aa78f"}
[2018-02-26 16:22:24] slim-app.INFO: Slim-Skeleton '/addarticle' route [] {"uid":"ad39ce5"}
[2018-02-26 16:23:25] slim-app.INFO: Slim-Skeleton '/login' route [] {"uid":"0774e7d"}
[2018-02-26 16:23:34] slim-app.INFO: Slim-Skeleton '/addarticle' route [] {"uid":"d8e2250"}
[2018-02-26 16:23:39] slim-app.INFO: Slim-Skeleton '/login' route [] {"uid":"4b1cfc3"}
[2018-02-26 16:23:43] slim-app.INFO: Slim-Skeleton '/' route [] {"uid":"e29bf66"}
[2018-02-26 16:29:07] slim-app.INFO: Slim-Skeleton '/login' route [] {"uid":"7e993f9"}
[2018-02-26 16:29:16] slim-app.INFO: Slim-Skeleton '/addarticle' route [] {"uid":"d9ee304"}
[2018-02-26 16:29:35] slim-app.INFO: Slim-Skeleton '/login' route [] {"uid":"cce8000"}
[2018-02-26 16:30:31] slim-app.INFO: Slim-Skeleton '/login' route [] {"uid":"c8c1db1"}
[2018-02-26 16:30:38] slim-app.INFO: Slim-Skeleton '/addarticle' route [] {"uid":"5f1a5a5"}
[2018-02-26 19:19:24] slim-app.INFO: Slim-Skeleton '/' route [] {"uid":"8584d58"}
[2018-02-26 19:26:51] slim-app.INFO: Slim-Skeleton '/' route [] {"uid":"0da2873"}
[2018-02-26 19:27:23] slim-app.INFO: Slim-Skeleton '/login' route [] {"uid":"2b24f9d"}
[2018-02-26 19:27:45] slim-app.INFO: Slim-Skeleton '/addarticle' route [] {"uid":"874d9da"}
[2018-02-26 19:27:59] slim-app.INFO: Slim-Skeleton '/login' route [] {"uid":"da06e86"}
[2018-02-26 19:32:17] slim-app.INFO: Slim-Skeleton '/addarticle' route [] {"uid":"9d9456c"}
[2018-02-26 19:33:53] slim-app.INFO: Slim-Skeleton '/login' route [] {"uid":"d684d75"}
[2018-02-26 19:33:56] slim-app.INFO: Slim-Skeleton '/' route [] {"uid":"51a3107"}
[2018-02-26 19:38:17] slim-app.INFO: Slim-Skeleton '/' route [] {"uid":"08ea124"}
[2018-02-26 19:38:37] slim-app.INFO: Slim-Skeleton '/login' route [] {"uid":"47330e6"}
[2018-02-26 19:38:53] slim-app.INFO: Slim-Skeleton '/addarticle' route [] {"uid":"c84f51c"}
[2018-02-26 19:43:03] slim-app.INFO: Slim-Skeleton '/login' route [] {"uid":"ff56823"}
[2018-02-26 19:43:05] slim-app.INFO: Slim-Skeleton '/' route [] {"uid":"632c975"}
[2018-02-26 19:44:29] slim-app.INFO: Slim-Skeleton '/login' route [] {"uid":"684922c"}
[2018-02-26 19:44:46] slim-app.INFO: Slim-Skeleton '/addarticle' route [] {"uid":"56756b3"}
[2018-02-26 19:44:50] slim-app.INFO: Slim-Skeleton '/' route [] {"uid":"74b609e"}
[2018-02-26 19:44:55] slim-app.INFO: Slim-Skeleton '/login' route [] {"uid":"aa8a72d"}
[2018-02-26 19:45:13] slim-app.INFO: Slim-Skeleton '/addarticle' route [] {"uid":"34f79f8"}
[2018-02-26 19:45:48] slim-app.INFO: Slim-Skeleton '/login' route [] {"uid":"ba80605"}
[2018-02-26 19:46:32] slim-app.INFO: Slim-Skeleton '/addarticle' route [] {"uid":"2417988"}
[2018-02-26 19:46:41] slim-app.INFO: Slim-Skeleton '/login' route [] {"uid":"7ed5bda"}
[2018-02-26 19:46:43] slim-app.INFO: Slim-Skeleton '/' route [] {"uid":"b7c759c"}
[2018-02-27 12:41:38] slim-app.INFO: Slim-Skeleton '/' route [] {"uid":"3a930de"}
[2018-02-27 12:41:45] slim-app.INFO: Slim-Skeleton '/editblog' route [] {"uid":"749fd90"}
[2018-02-27 12:42:03] slim-app.INFO: Slim-Skeleton '/' route [] {"uid":"258ff53"}
[2018-02-27 12:42:15] slim-app.INFO: Slim-Skeleton '/login' route [] {"uid":"bbcc805"}
[2018-02-27 12:44:49] slim-app.INFO: Slim-Skeleton '/updatearticle' route [] {"uid":"72a6d09"}
[2018-02-27 12:44:58] slim-app.INFO: Slim-Skeleton '/login' route [] {"uid":"3204fdc"}
[2018-02-27 12:45:07] slim-app.INFO: Slim-Skeleton '/' route [] {"uid":"dad8fdf"}
[2018-02-27 12:45:23] slim-app.INFO: Slim-Skeleton '/login' route [] {"uid":"7c5377c"}
[2018-02-27 13:01:34] slim-app.INFO: Slim-Skeleton '/' route [] {"uid":"ccbeed6"}
[2018-02-27 13:08:55] slim-app.INFO: Slim-Skeleton '/' route [] {"uid":"ac9107d"}
[2018-02-27 13:09:06] slim-app.INFO: Slim-Skeleton '/login' route [] {"uid":"2e2cadf"}
[2018-02-27 13:09:20] slim-app.INFO: Slim-Skeleton '/addarticle' route [] {"uid":"cbf65eb"}
[2018-02-27 13:09:24] slim-app.INFO: Slim-Skeleton '/login' route [] {"uid":"33675b4"}
[2018-02-27 13:27:22] slim-app.INFO: Slim-Skeleton '/' route [] {"uid":"da5681c"}
[2018-02-27 13:34:38] slim-app.INFO: Slim-Skeleton '/login' route [] {"uid":"fea3dc0"}
[2018-02-27 13:35:51] slim-app.INFO: Slim-Skeleton '/login' route [] {"uid":"51e959e"}
[2018-02-27 13:36:32] slim-app.INFO: Slim-Skeleton '/login' route [] {"uid":"9ab98d0"}
[2018-02-27 13:39:53] slim-app.INFO: Slim-Skeleton '/login' route [] {"uid":"ef35128"}
[2018-02-27 13:40:55] slim-app.INFO: Slim-Skeleton '/' route [] {"uid":"ddc0553"}
[2018-02-27 13:40:57] slim-app.INFO: Slim-Skeleton '/inscription' route [] {"uid":"b65fc93"}
[2018-02-27 13:41:33] slim-app.INFO: Slim-Skeleton '/' route [] {"uid":"1827354"}
[2018-02-27 13:41:37] slim-app.INFO: Slim-Skeleton '/inscription' route [] {"uid":"03c0301"}
[2018-02-27 13:41:49] slim-app.INFO: Slim-Skeleton '/' route [] {"uid":"62d66b1"}
[2018-02-27 13:41:54] slim-app.INFO: Slim-Skeleton '/editblog' route [] {"uid":"6e533fa"}
[2018-02-27 13:41:58] slim-app.INFO: Slim-Skeleton '/' route [] {"uid":"50e345b"}
[2018-02-27 13:42:09] slim-app.INFO: Slim-Skeleton '/login' route [] {"uid":"135f0b8"}
[2018-02-27 13:42:20] slim-app.INFO: Slim-Skeleton '/updatearticle' route [] {"uid":"b7a0283"}
[2018-02-27 13:43:49] slim-app.INFO: Slim-Skeleton '/login' route [] {"uid":"a4ec83b"}
[2018-02-27 13:44:12] slim-app.INFO: Slim-Skeleton '/login' route [] {"uid":"e8c740c"}
[2018-02-27 13:45:51] slim-app.INFO: Slim-Skeleton '/updatearticle' route [] {"uid":"7df7255"}
[2018-02-27 13:45:56] slim-app.INFO: Slim-Skeleton '/updatearticle' route [] {"uid":"06ea68b"}
[2018-02-27 13:46:32] slim-app.INFO: Slim-Skeleton '/updatearticle' route [] {"uid":"78bd75a"}
[2018-02-27 13:46:38] slim-app.INFO: Slim-Skeleton '/updatearticle' route [] {"uid":"0deddb0"}
[2018-02-27 13:47:37] slim-app.INFO: Slim-Skeleton '/updatearticle' route [] {"uid":"2d05afe"}
[2018-02-27 13:47:42] slim-app.INFO: Slim-Skeleton '/updatearticle' route [] {"uid":"39f10d9"}
[2018-02-27 13:49:21] slim-app.INFO: Slim-Skeleton '/' route [] {"uid":"24ac5e2"}
[2018-02-27 13:49:23] slim-app.INFO: Slim-Skeleton '/editblog' route [] {"uid":"f5bbbe1"}
[2018-02-27 13:51:46] slim-app.INFO: Slim-Skeleton '/' route [] {"uid":"cd5d32d"}
[2018-02-27 13:51:48] slim-app.INFO: Slim-Skeleton '/editblog' route [] {"uid":"9160418"}
[2018-02-27 13:51:53] slim-app.INFO: Slim-Skeleton '/' route [] {"uid":"8cca462"}
[2018-02-27 13:51:54] slim-app.INFO: Slim-Skeleton '/inscription' route [] {"uid":"2faed2a"}
[2018-02-27 13:56:34] slim-app.INFO: Slim-Skeleton '/inscription' route [] {"uid":"088d998"}
[2018-02-27 13:57:15] slim-app.INFO: Slim-Skeleton '/inscription' route [] {"uid":"f6ded03"}
[2018-02-27 13:57:16] slim-app.INFO: Slim-Skeleton '/inscription' route [] {"uid":"ca205bb"}
[2018-02-27 13:57:26] slim-app.INFO: Slim-Skeleton '/inscription' route [] {"uid":"a9d7686"}
[2018-02-27 13:57:27] slim-app.INFO: Slim-Skeleton '/inscription' route [] {"uid":"1164241"}
[2018-02-27 13:58:55] slim-app.INFO: Slim-Skeleton '/inscription' route [] {"uid":"5928943"}
[2018-02-27 13:58:56] slim-app.INFO: Slim-Skeleton '/inscription' route [] {"uid":"120511f"}
[2018-02-27 13:59:09] slim-app.INFO: Slim-Skeleton '/inscription' route [] {"uid":"c21f1f5"}
[2018-02-27 13:59:10] slim-app.INFO: Slim-Skeleton '/inscription' route [] {"uid":"04260b3"}
[2018-02-27 14:01:04] slim-app.INFO: Slim-Skeleton '/inscription' route [] {"uid":"7e12a79"}
[2018-02-27 14:01:47] slim-app.INFO: Slim-Skeleton '/' route [] {"uid":"d8cf91c"}
[2018-02-27 14:01:58] slim-app.INFO: Slim-Skeleton '/login' route [] {"uid":"3fd16b5"}
[2018-02-27 14:12:44] slim-app.INFO: Slim-Skeleton '/login' route [] {"uid":"6da360e"}
[2018-02-27 14:12:45] slim-app.INFO: Slim-Skeleton '/updateuser' route [] {"uid":"87f5eab"}
[2018-02-27 14:13:49] slim-app.INFO: Slim-Skeleton '/updateuser' route [] {"uid":"5b6b90c"}
[2018-02-27 14:13:54] slim-app.INFO: Slim-Skeleton '/login' route [] {"uid":"9ce8f97"}
[2018-02-27 14:13:56] slim-app.INFO: Slim-Skeleton '/updateuser' route [] {"uid":"f36a76f"}
[2018-02-27 14:14:04] slim-app.INFO: Slim-Skeleton '/login' route [] {"uid":"566b34b"}
[2018-02-27 14:14:10] slim-app.INFO: Slim-Skeleton '/' route [] {"uid":"34a3a05"}
[2018-02-27 14:19:52] slim-app.INFO: Slim-Skeleton '/' route [] {"uid":"690605e"}
[2018-02-27 14:19:53] slim-app.INFO: Slim-Skeleton '/' route [] {"uid":"9c15868"}
[2018-02-27 14:19:54] slim-app.INFO: Slim-Skeleton '/inscription' route [] {"uid":"64e7e8b"}
[2018-02-27 14:19:57] slim-app.INFO: Slim-Skeleton '/' route [] {"uid":"fd9819e"}
[2018-02-27 14:20:09] slim-app.INFO: Slim-Skeleton '/login' route [] {"uid":"d1c3b0e"}
[2018-02-27 14:20:16] slim-app.INFO: Slim-Skeleton '/updateuser' route [] {"uid":"cf7f7d0"}
[2018-02-27 14:23:00] slim-app.INFO: Slim-Skeleton '/updateuser' route [] {"uid":"ed858ad"}
[2018-02-27 14:23:02] slim-app.INFO: Slim-Skeleton '/updateuser' route [] {"uid":"d0a83f5"}
[2018-02-27 14:23:03] slim-app.INFO: Slim-Skeleton '/updateuser' route [] {"uid":"2eb1189"}
[2018-02-27 14:23:04] slim-app.INFO: Slim-Skeleton '/updateuser' route [] {"uid":"89db7b1"}
[2018-02-27 14:23:07] slim-app.INFO: Slim-Skeleton '/login' route [] {"uid":"ea44a93"}
[2018-02-27 14:23:09] slim-app.INFO: Slim-Skeleton '/updateuser' route [] {"uid":"69fe2c7"}
[2018-02-27 14:23:17] slim-app.INFO: Slim-Skeleton '/login' route [] {"uid":"5a1cf87"}
[2018-02-27 14:25:54] slim-app.INFO: Slim-Skeleton '/' route [] {"uid":"def924a"}
[2018-02-27 14:26:25] slim-app.INFO: Slim-Skeleton '/' route [] {"uid":"52d33bb"}
[2018-02-27 14:26:37] slim-app.INFO: Slim-Skeleton '/login' route [] {"uid":"ff1f359"}
[2018-02-27 14:26:44] slim-app.INFO: Slim-Skeleton '/updateuser' route [] {"uid":"36091fa"}
[2018-02-27 14:27:59] slim-app.INFO: Slim-Skeleton '/login' route [] {"uid":"41540e4"}
[2018-02-27 14:28:00] slim-app.INFO: Slim-Skeleton '/updateuser' route [] {"uid":"ec4fc66"}
[2018-02-27 14:28:07] slim-app.INFO: Slim-Skeleton '/' route [] {"uid":"5e0ae92"}
[2018-02-27 14:28:12] slim-app.INFO: Slim-Skeleton '/updateuser' route [] {"uid":"d227aa2"}
[2018-02-27 14:29:06] slim-app.INFO: Slim-Skeleton '/updateuser' route [] {"uid":"db3676e"}
[2018-02-27 14:29:11] slim-app.INFO: Slim-Skeleton '/updateuser' route [] {"uid":"d97e02c"}
[2018-02-27 14:29:12] slim-app.INFO: Slim-Skeleton '/updateuser' route [] {"uid":"9177f92"}
[2018-02-27 14:30:24] slim-app.INFO: Slim-Skeleton '/updateuser' route [] {"uid":"9954ff6"}
[2018-02-27 14:31:17] slim-app.INFO: Slim-Skeleton '/updateuser' route [] {"uid":"af512e9"}
[2018-02-27 14:31:34] slim-app.INFO: Slim-Skeleton '/updateuser' route [] {"uid":"4af06a8"}
[2018-02-27 14:32:16] slim-app.INFO: Slim-Skeleton '/updateuser' route [] {"uid":"2806870"}
[2018-02-27 14:32:18] slim-app.INFO: Slim-Skeleton '/updateuser' route [] {"uid":"48bcc26"}
[2018-02-27 14:34:12] slim-app.INFO: Slim-Skeleton '/updateuser' route [] {"uid":"d3797f0"}
[2018-02-27 14:34:15] slim-app.INFO: Slim-Skeleton '/updateuser' route [] {"uid":"4f693fc"}
[2018-02-27 14:34:45] slim-app.INFO: Slim-Skeleton '/updateuser' route [] {"uid":"6e45d1b"}
[2018-02-27 14:41:06] slim-app.INFO: Slim-Skeleton '/' route [] {"uid":"a7c0980"}
[2018-02-27 14:52:39] slim-app.INFO: Slim-Skeleton '/inscription' route [] {"uid":"9c1240c"}
[2018-02-27 15:02:25] slim-app.INFO: Slim-Skeleton '/inscription' route [] {"uid":"be60977"}
[2018-02-27 15:02:26] slim-app.INFO: Slim-Skeleton '/' route [] {"uid":"c2f83ec"}
[2018-02-27 15:02:36] slim-app.INFO: Slim-Skeleton '/login' route [] {"uid":"c3088c6"}
[2018-02-27 15:02:46] slim-app.INFO: Slim-Skeleton '/updateuser' route [] {"uid":"a4d4ed8"}
[2018-02-27 15:02:59] slim-app.INFO: Slim-Skeleton '/login' route [] {"uid":"e9f9fe7"}
[2018-02-27 15:03:36] slim-app.INFO: Slim-Skeleton '/' route [] {"uid":"8989698"}
[2018-02-27 15:03:39] slim-app.INFO: Slim-Skeleton '/editblog' route [] {"uid":"2e566ba"}
[2018-02-27 15:03:45] slim-app.INFO: Slim-Skeleton '/' route [] {"uid":"3d9b1da"}
